[2024-03-31T20:12:05.497+0000] {processor.py:161} INFO - Started process (PID=467) to work on /usr/local/airflow/dags/data_ingest_gcs.py
[2024-03-31T20:12:05.498+0000] {processor.py:830} INFO - Processing file /usr/local/airflow/dags/data_ingest_gcs.py for tasks to queue
[2024-03-31T20:12:05.500+0000] {logging_mixin.py:188} INFO - [2024-03-31T20:12:05.499+0000] {dagbag.py:540} INFO - Filling up the DagBag from /usr/local/airflow/dags/data_ingest_gcs.py
[2024-03-31T20:12:05.510+0000] {processor.py:840} INFO - DAG(s) 'raw_to_gcs' retrieved from /usr/local/airflow/dags/data_ingest_gcs.py
[2024-03-31T20:12:05.597+0000] {logging_mixin.py:188} INFO - [2024-03-31T20:12:05.597+0000] {dag.py:3047} INFO - Sync 1 DAGs
[2024-03-31T20:12:05.611+0000] {logging_mixin.py:188} INFO - [2024-03-31T20:12:05.610+0000] {dag.py:3834} INFO - Setting next_dagrun for raw_to_gcs to None, run_after=None
[2024-03-31T20:12:05.642+0000] {processor.py:183} INFO - Processing /usr/local/airflow/dags/data_ingest_gcs.py took 0.153 seconds
[2024-03-31T20:12:08.543+0000] {processor.py:161} INFO - Started process (PID=472) to work on /usr/local/airflow/dags/data_ingest_gcs.py
[2024-03-31T20:12:08.544+0000] {processor.py:830} INFO - Processing file /usr/local/airflow/dags/data_ingest_gcs.py for tasks to queue
[2024-03-31T20:12:08.546+0000] {logging_mixin.py:188} INFO - [2024-03-31T20:12:08.545+0000] {dagbag.py:540} INFO - Filling up the DagBag from /usr/local/airflow/dags/data_ingest_gcs.py
[2024-03-31T20:12:08.554+0000] {processor.py:840} INFO - DAG(s) 'raw_to_gcs' retrieved from /usr/local/airflow/dags/data_ingest_gcs.py
[2024-03-31T20:12:08.572+0000] {logging_mixin.py:188} INFO - [2024-03-31T20:12:08.572+0000] {dag.py:3047} INFO - Sync 1 DAGs
[2024-03-31T20:12:08.594+0000] {logging_mixin.py:188} INFO - [2024-03-31T20:12:08.593+0000] {dag.py:3834} INFO - Setting next_dagrun for raw_to_gcs to None, run_after=None
[2024-03-31T20:12:08.624+0000] {processor.py:183} INFO - Processing /usr/local/airflow/dags/data_ingest_gcs.py took 0.087 seconds
[2024-03-31T20:12:23.738+0000] {processor.py:161} INFO - Started process (PID=482) to work on /usr/local/airflow/dags/data_ingest_gcs.py
[2024-03-31T20:12:23.740+0000] {processor.py:830} INFO - Processing file /usr/local/airflow/dags/data_ingest_gcs.py for tasks to queue
[2024-03-31T20:12:23.742+0000] {logging_mixin.py:188} INFO - [2024-03-31T20:12:23.741+0000] {dagbag.py:540} INFO - Filling up the DagBag from /usr/local/airflow/dags/data_ingest_gcs.py
[2024-03-31T20:12:23.751+0000] {processor.py:840} INFO - DAG(s) 'raw_to_gcs' retrieved from /usr/local/airflow/dags/data_ingest_gcs.py
[2024-03-31T20:12:23.769+0000] {logging_mixin.py:188} INFO - [2024-03-31T20:12:23.769+0000] {dag.py:3047} INFO - Sync 1 DAGs
[2024-03-31T20:12:23.790+0000] {logging_mixin.py:188} INFO - [2024-03-31T20:12:23.790+0000] {dag.py:3834} INFO - Setting next_dagrun for raw_to_gcs to None, run_after=None
[2024-03-31T20:12:23.816+0000] {processor.py:183} INFO - Processing /usr/local/airflow/dags/data_ingest_gcs.py took 0.083 seconds
[2024-03-31T20:12:27.776+0000] {processor.py:161} INFO - Started process (PID=487) to work on /usr/local/airflow/dags/data_ingest_gcs.py
[2024-03-31T20:12:27.778+0000] {processor.py:830} INFO - Processing file /usr/local/airflow/dags/data_ingest_gcs.py for tasks to queue
[2024-03-31T20:12:27.779+0000] {logging_mixin.py:188} INFO - [2024-03-31T20:12:27.778+0000] {dagbag.py:540} INFO - Filling up the DagBag from /usr/local/airflow/dags/data_ingest_gcs.py
[2024-03-31T20:12:27.789+0000] {processor.py:840} INFO - DAG(s) 'raw_to_gcs' retrieved from /usr/local/airflow/dags/data_ingest_gcs.py
[2024-03-31T20:12:27.807+0000] {logging_mixin.py:188} INFO - [2024-03-31T20:12:27.806+0000] {dag.py:3047} INFO - Sync 1 DAGs
[2024-03-31T20:12:27.827+0000] {logging_mixin.py:188} INFO - [2024-03-31T20:12:27.827+0000] {dag.py:3834} INFO - Setting next_dagrun for raw_to_gcs to None, run_after=None
[2024-03-31T20:12:27.853+0000] {processor.py:183} INFO - Processing /usr/local/airflow/dags/data_ingest_gcs.py took 0.083 seconds
[2024-03-31T20:12:58.041+0000] {processor.py:161} INFO - Started process (PID=497) to work on /usr/local/airflow/dags/data_ingest_gcs.py
[2024-03-31T20:12:58.043+0000] {processor.py:830} INFO - Processing file /usr/local/airflow/dags/data_ingest_gcs.py for tasks to queue
[2024-03-31T20:12:58.045+0000] {logging_mixin.py:188} INFO - [2024-03-31T20:12:58.044+0000] {dagbag.py:540} INFO - Filling up the DagBag from /usr/local/airflow/dags/data_ingest_gcs.py
[2024-03-31T20:12:58.053+0000] {processor.py:840} INFO - DAG(s) 'raw_to_gcs' retrieved from /usr/local/airflow/dags/data_ingest_gcs.py
[2024-03-31T20:12:58.089+0000] {logging_mixin.py:188} INFO - [2024-03-31T20:12:58.089+0000] {dag.py:3047} INFO - Sync 1 DAGs
[2024-03-31T20:12:58.113+0000] {logging_mixin.py:188} INFO - [2024-03-31T20:12:58.112+0000] {dag.py:3834} INFO - Setting next_dagrun for raw_to_gcs to None, run_after=None
[2024-03-31T20:12:58.137+0000] {processor.py:183} INFO - Processing /usr/local/airflow/dags/data_ingest_gcs.py took 0.103 seconds
[2024-03-31T20:13:27.402+0000] {processor.py:161} INFO - Started process (PID=507) to work on /usr/local/airflow/dags/data_ingest_gcs.py
[2024-03-31T20:13:27.405+0000] {processor.py:830} INFO - Processing file /usr/local/airflow/dags/data_ingest_gcs.py for tasks to queue
[2024-03-31T20:13:27.406+0000] {logging_mixin.py:188} INFO - [2024-03-31T20:13:27.405+0000] {dagbag.py:540} INFO - Filling up the DagBag from /usr/local/airflow/dags/data_ingest_gcs.py
[2024-03-31T20:13:27.416+0000] {processor.py:840} INFO - DAG(s) 'raw_to_gcs' retrieved from /usr/local/airflow/dags/data_ingest_gcs.py
[2024-03-31T20:13:27.455+0000] {logging_mixin.py:188} INFO - [2024-03-31T20:13:27.454+0000] {dag.py:3047} INFO - Sync 1 DAGs
[2024-03-31T20:13:27.472+0000] {logging_mixin.py:188} INFO - [2024-03-31T20:13:27.472+0000] {dag.py:3834} INFO - Setting next_dagrun for raw_to_gcs to None, run_after=None
[2024-03-31T20:13:27.499+0000] {processor.py:183} INFO - Processing /usr/local/airflow/dags/data_ingest_gcs.py took 0.103 seconds
[2024-03-31T20:13:57.668+0000] {processor.py:161} INFO - Started process (PID=517) to work on /usr/local/airflow/dags/data_ingest_gcs.py
[2024-03-31T20:13:57.670+0000] {processor.py:830} INFO - Processing file /usr/local/airflow/dags/data_ingest_gcs.py for tasks to queue
[2024-03-31T20:13:57.671+0000] {logging_mixin.py:188} INFO - [2024-03-31T20:13:57.670+0000] {dagbag.py:540} INFO - Filling up the DagBag from /usr/local/airflow/dags/data_ingest_gcs.py
[2024-03-31T20:13:57.679+0000] {processor.py:840} INFO - DAG(s) 'raw_to_gcs' retrieved from /usr/local/airflow/dags/data_ingest_gcs.py
[2024-03-31T20:13:57.728+0000] {logging_mixin.py:188} INFO - [2024-03-31T20:13:57.727+0000] {dag.py:3047} INFO - Sync 1 DAGs
[2024-03-31T20:13:57.745+0000] {logging_mixin.py:188} INFO - [2024-03-31T20:13:57.745+0000] {dag.py:3834} INFO - Setting next_dagrun for raw_to_gcs to None, run_after=None
[2024-03-31T20:13:57.769+0000] {processor.py:183} INFO - Processing /usr/local/airflow/dags/data_ingest_gcs.py took 0.106 seconds
[2024-03-31T20:14:27.943+0000] {processor.py:161} INFO - Started process (PID=527) to work on /usr/local/airflow/dags/data_ingest_gcs.py
[2024-03-31T20:14:27.947+0000] {processor.py:830} INFO - Processing file /usr/local/airflow/dags/data_ingest_gcs.py for tasks to queue
[2024-03-31T20:14:27.949+0000] {logging_mixin.py:188} INFO - [2024-03-31T20:14:27.948+0000] {dagbag.py:540} INFO - Filling up the DagBag from /usr/local/airflow/dags/data_ingest_gcs.py
[2024-03-31T20:14:27.957+0000] {processor.py:840} INFO - DAG(s) 'raw_to_gcs' retrieved from /usr/local/airflow/dags/data_ingest_gcs.py
[2024-03-31T20:14:27.993+0000] {logging_mixin.py:188} INFO - [2024-03-31T20:14:27.992+0000] {dag.py:3047} INFO - Sync 1 DAGs
[2024-03-31T20:14:28.010+0000] {logging_mixin.py:188} INFO - [2024-03-31T20:14:28.009+0000] {dag.py:3834} INFO - Setting next_dagrun for raw_to_gcs to None, run_after=None
[2024-03-31T20:14:28.036+0000] {processor.py:183} INFO - Processing /usr/local/airflow/dags/data_ingest_gcs.py took 0.098 seconds
[2024-03-31T20:14:58.202+0000] {processor.py:161} INFO - Started process (PID=537) to work on /usr/local/airflow/dags/data_ingest_gcs.py
[2024-03-31T20:14:58.204+0000] {processor.py:830} INFO - Processing file /usr/local/airflow/dags/data_ingest_gcs.py for tasks to queue
[2024-03-31T20:14:58.205+0000] {logging_mixin.py:188} INFO - [2024-03-31T20:14:58.204+0000] {dagbag.py:540} INFO - Filling up the DagBag from /usr/local/airflow/dags/data_ingest_gcs.py
[2024-03-31T20:14:58.213+0000] {processor.py:840} INFO - DAG(s) 'raw_to_gcs' retrieved from /usr/local/airflow/dags/data_ingest_gcs.py
[2024-03-31T20:14:58.248+0000] {logging_mixin.py:188} INFO - [2024-03-31T20:14:58.248+0000] {dag.py:3047} INFO - Sync 1 DAGs
[2024-03-31T20:14:58.265+0000] {logging_mixin.py:188} INFO - [2024-03-31T20:14:58.265+0000] {dag.py:3834} INFO - Setting next_dagrun for raw_to_gcs to None, run_after=None
[2024-03-31T20:14:58.290+0000] {processor.py:183} INFO - Processing /usr/local/airflow/dags/data_ingest_gcs.py took 0.093 seconds
[2024-03-31T20:15:28.454+0000] {processor.py:161} INFO - Started process (PID=547) to work on /usr/local/airflow/dags/data_ingest_gcs.py
[2024-03-31T20:15:28.457+0000] {processor.py:830} INFO - Processing file /usr/local/airflow/dags/data_ingest_gcs.py for tasks to queue
[2024-03-31T20:15:28.459+0000] {logging_mixin.py:188} INFO - [2024-03-31T20:15:28.459+0000] {dagbag.py:540} INFO - Filling up the DagBag from /usr/local/airflow/dags/data_ingest_gcs.py
[2024-03-31T20:15:28.467+0000] {processor.py:840} INFO - DAG(s) 'raw_to_gcs' retrieved from /usr/local/airflow/dags/data_ingest_gcs.py
[2024-03-31T20:15:28.502+0000] {logging_mixin.py:188} INFO - [2024-03-31T20:15:28.501+0000] {dag.py:3047} INFO - Sync 1 DAGs
[2024-03-31T20:15:28.520+0000] {logging_mixin.py:188} INFO - [2024-03-31T20:15:28.519+0000] {dag.py:3834} INFO - Setting next_dagrun for raw_to_gcs to None, run_after=None
[2024-03-31T20:15:28.543+0000] {processor.py:183} INFO - Processing /usr/local/airflow/dags/data_ingest_gcs.py took 0.096 seconds
[2024-03-31T20:15:58.708+0000] {processor.py:161} INFO - Started process (PID=557) to work on /usr/local/airflow/dags/data_ingest_gcs.py
[2024-03-31T20:15:58.710+0000] {processor.py:830} INFO - Processing file /usr/local/airflow/dags/data_ingest_gcs.py for tasks to queue
[2024-03-31T20:15:58.712+0000] {logging_mixin.py:188} INFO - [2024-03-31T20:15:58.711+0000] {dagbag.py:540} INFO - Filling up the DagBag from /usr/local/airflow/dags/data_ingest_gcs.py
[2024-03-31T20:15:58.720+0000] {processor.py:840} INFO - DAG(s) 'raw_to_gcs' retrieved from /usr/local/airflow/dags/data_ingest_gcs.py
[2024-03-31T20:15:58.754+0000] {logging_mixin.py:188} INFO - [2024-03-31T20:15:58.754+0000] {dag.py:3047} INFO - Sync 1 DAGs
[2024-03-31T20:15:58.771+0000] {logging_mixin.py:188} INFO - [2024-03-31T20:15:58.771+0000] {dag.py:3834} INFO - Setting next_dagrun for raw_to_gcs to None, run_after=None
[2024-03-31T20:15:58.793+0000] {processor.py:183} INFO - Processing /usr/local/airflow/dags/data_ingest_gcs.py took 0.092 seconds
[2024-03-31T20:16:17.906+0000] {processor.py:161} INFO - Started process (PID=567) to work on /usr/local/airflow/dags/data_ingest_gcs.py
[2024-03-31T20:16:17.907+0000] {processor.py:830} INFO - Processing file /usr/local/airflow/dags/data_ingest_gcs.py for tasks to queue
[2024-03-31T20:16:17.909+0000] {logging_mixin.py:188} INFO - [2024-03-31T20:16:17.908+0000] {dagbag.py:540} INFO - Filling up the DagBag from /usr/local/airflow/dags/data_ingest_gcs.py
[2024-03-31T20:16:17.917+0000] {processor.py:840} INFO - DAG(s) 'raw_to_gcs' retrieved from /usr/local/airflow/dags/data_ingest_gcs.py
[2024-03-31T20:16:17.953+0000] {logging_mixin.py:188} INFO - [2024-03-31T20:16:17.953+0000] {dag.py:3047} INFO - Sync 1 DAGs
[2024-03-31T20:16:17.970+0000] {logging_mixin.py:188} INFO - [2024-03-31T20:16:17.969+0000] {dag.py:3834} INFO - Setting next_dagrun for raw_to_gcs to None, run_after=None
[2024-03-31T20:16:17.996+0000] {processor.py:183} INFO - Processing /usr/local/airflow/dags/data_ingest_gcs.py took 0.096 seconds
[2024-03-31T20:16:48.151+0000] {processor.py:161} INFO - Started process (PID=577) to work on /usr/local/airflow/dags/data_ingest_gcs.py
[2024-03-31T20:16:48.153+0000] {processor.py:830} INFO - Processing file /usr/local/airflow/dags/data_ingest_gcs.py for tasks to queue
[2024-03-31T20:16:48.154+0000] {logging_mixin.py:188} INFO - [2024-03-31T20:16:48.154+0000] {dagbag.py:540} INFO - Filling up the DagBag from /usr/local/airflow/dags/data_ingest_gcs.py
[2024-03-31T20:16:48.162+0000] {processor.py:840} INFO - DAG(s) 'raw_to_gcs' retrieved from /usr/local/airflow/dags/data_ingest_gcs.py
[2024-03-31T20:16:48.205+0000] {logging_mixin.py:188} INFO - [2024-03-31T20:16:48.204+0000] {dag.py:3047} INFO - Sync 1 DAGs
[2024-03-31T20:16:48.223+0000] {logging_mixin.py:188} INFO - [2024-03-31T20:16:48.223+0000] {dag.py:3834} INFO - Setting next_dagrun for raw_to_gcs to None, run_after=None
[2024-03-31T20:16:48.250+0000] {processor.py:183} INFO - Processing /usr/local/airflow/dags/data_ingest_gcs.py took 0.105 seconds
[2024-03-31T20:17:18.420+0000] {processor.py:161} INFO - Started process (PID=587) to work on /usr/local/airflow/dags/data_ingest_gcs.py
[2024-03-31T20:17:18.422+0000] {processor.py:830} INFO - Processing file /usr/local/airflow/dags/data_ingest_gcs.py for tasks to queue
[2024-03-31T20:17:18.424+0000] {logging_mixin.py:188} INFO - [2024-03-31T20:17:18.423+0000] {dagbag.py:540} INFO - Filling up the DagBag from /usr/local/airflow/dags/data_ingest_gcs.py
[2024-03-31T20:17:18.433+0000] {processor.py:840} INFO - DAG(s) 'raw_to_gcs' retrieved from /usr/local/airflow/dags/data_ingest_gcs.py
[2024-03-31T20:17:18.468+0000] {logging_mixin.py:188} INFO - [2024-03-31T20:17:18.468+0000] {dag.py:3047} INFO - Sync 1 DAGs
[2024-03-31T20:17:18.484+0000] {logging_mixin.py:188} INFO - [2024-03-31T20:17:18.483+0000] {dag.py:3834} INFO - Setting next_dagrun for raw_to_gcs to None, run_after=None
[2024-03-31T20:17:18.507+0000] {processor.py:183} INFO - Processing /usr/local/airflow/dags/data_ingest_gcs.py took 0.093 seconds
[2024-03-31T20:17:48.683+0000] {processor.py:161} INFO - Started process (PID=597) to work on /usr/local/airflow/dags/data_ingest_gcs.py
[2024-03-31T20:17:48.686+0000] {processor.py:830} INFO - Processing file /usr/local/airflow/dags/data_ingest_gcs.py for tasks to queue
[2024-03-31T20:17:48.688+0000] {logging_mixin.py:188} INFO - [2024-03-31T20:17:48.687+0000] {dagbag.py:540} INFO - Filling up the DagBag from /usr/local/airflow/dags/data_ingest_gcs.py
[2024-03-31T20:17:48.697+0000] {processor.py:840} INFO - DAG(s) 'raw_to_gcs' retrieved from /usr/local/airflow/dags/data_ingest_gcs.py
[2024-03-31T20:17:48.740+0000] {logging_mixin.py:188} INFO - [2024-03-31T20:17:48.739+0000] {dag.py:3047} INFO - Sync 1 DAGs
[2024-03-31T20:17:48.765+0000] {logging_mixin.py:188} INFO - [2024-03-31T20:17:48.764+0000] {dag.py:3834} INFO - Setting next_dagrun for raw_to_gcs to None, run_after=None
[2024-03-31T20:17:48.794+0000] {processor.py:183} INFO - Processing /usr/local/airflow/dags/data_ingest_gcs.py took 0.118 seconds
[2024-03-31T20:18:06.859+0000] {processor.py:161} INFO - Started process (PID=602) to work on /usr/local/airflow/dags/data_ingest_gcs.py
[2024-03-31T20:18:06.861+0000] {processor.py:830} INFO - Processing file /usr/local/airflow/dags/data_ingest_gcs.py for tasks to queue
[2024-03-31T20:18:06.862+0000] {logging_mixin.py:188} INFO - [2024-03-31T20:18:06.862+0000] {dagbag.py:540} INFO - Filling up the DagBag from /usr/local/airflow/dags/data_ingest_gcs.py
[2024-03-31T20:18:06.876+0000] {processor.py:840} INFO - DAG(s) 'raw_to_gcs' retrieved from /usr/local/airflow/dags/data_ingest_gcs.py
[2024-03-31T20:18:06.916+0000] {logging_mixin.py:188} INFO - [2024-03-31T20:18:06.916+0000] {dag.py:3047} INFO - Sync 1 DAGs
[2024-03-31T20:18:06.934+0000] {logging_mixin.py:188} INFO - [2024-03-31T20:18:06.933+0000] {dag.py:3834} INFO - Setting next_dagrun for raw_to_gcs to None, run_after=None
[2024-03-31T20:18:06.958+0000] {processor.py:183} INFO - Processing /usr/local/airflow/dags/data_ingest_gcs.py took 0.105 seconds
[2024-03-31T20:18:37.128+0000] {processor.py:161} INFO - Started process (PID=612) to work on /usr/local/airflow/dags/data_ingest_gcs.py
[2024-03-31T20:18:37.131+0000] {processor.py:830} INFO - Processing file /usr/local/airflow/dags/data_ingest_gcs.py for tasks to queue
[2024-03-31T20:18:37.132+0000] {logging_mixin.py:188} INFO - [2024-03-31T20:18:37.132+0000] {dagbag.py:540} INFO - Filling up the DagBag from /usr/local/airflow/dags/data_ingest_gcs.py
[2024-03-31T20:18:37.142+0000] {processor.py:840} INFO - DAG(s) 'raw_to_gcs' retrieved from /usr/local/airflow/dags/data_ingest_gcs.py
[2024-03-31T20:18:37.178+0000] {logging_mixin.py:188} INFO - [2024-03-31T20:18:37.177+0000] {dag.py:3047} INFO - Sync 1 DAGs
[2024-03-31T20:18:37.194+0000] {logging_mixin.py:188} INFO - [2024-03-31T20:18:37.194+0000] {dag.py:3834} INFO - Setting next_dagrun for raw_to_gcs to None, run_after=None
[2024-03-31T20:18:37.218+0000] {processor.py:183} INFO - Processing /usr/local/airflow/dags/data_ingest_gcs.py took 0.097 seconds
[2024-03-31T20:19:07.397+0000] {processor.py:161} INFO - Started process (PID=622) to work on /usr/local/airflow/dags/data_ingest_gcs.py
[2024-03-31T20:19:07.399+0000] {processor.py:830} INFO - Processing file /usr/local/airflow/dags/data_ingest_gcs.py for tasks to queue
[2024-03-31T20:19:07.400+0000] {logging_mixin.py:188} INFO - [2024-03-31T20:19:07.400+0000] {dagbag.py:540} INFO - Filling up the DagBag from /usr/local/airflow/dags/data_ingest_gcs.py
[2024-03-31T20:19:07.411+0000] {processor.py:840} INFO - DAG(s) 'raw_to_gcs' retrieved from /usr/local/airflow/dags/data_ingest_gcs.py
[2024-03-31T20:19:07.449+0000] {logging_mixin.py:188} INFO - [2024-03-31T20:19:07.449+0000] {dag.py:3047} INFO - Sync 1 DAGs
[2024-03-31T20:19:07.473+0000] {logging_mixin.py:188} INFO - [2024-03-31T20:19:07.473+0000] {dag.py:3834} INFO - Setting next_dagrun for raw_to_gcs to None, run_after=None
[2024-03-31T20:19:07.498+0000] {processor.py:183} INFO - Processing /usr/local/airflow/dags/data_ingest_gcs.py took 0.109 seconds
[2024-03-31T20:19:37.669+0000] {processor.py:161} INFO - Started process (PID=632) to work on /usr/local/airflow/dags/data_ingest_gcs.py
[2024-03-31T20:19:37.673+0000] {processor.py:830} INFO - Processing file /usr/local/airflow/dags/data_ingest_gcs.py for tasks to queue
[2024-03-31T20:19:37.676+0000] {logging_mixin.py:188} INFO - [2024-03-31T20:19:37.675+0000] {dagbag.py:540} INFO - Filling up the DagBag from /usr/local/airflow/dags/data_ingest_gcs.py
[2024-03-31T20:19:37.685+0000] {processor.py:840} INFO - DAG(s) 'raw_to_gcs' retrieved from /usr/local/airflow/dags/data_ingest_gcs.py
[2024-03-31T20:19:37.719+0000] {logging_mixin.py:188} INFO - [2024-03-31T20:19:37.718+0000] {dag.py:3047} INFO - Sync 1 DAGs
[2024-03-31T20:19:37.736+0000] {logging_mixin.py:188} INFO - [2024-03-31T20:19:37.735+0000] {dag.py:3834} INFO - Setting next_dagrun for raw_to_gcs to None, run_after=None
[2024-03-31T20:19:37.760+0000] {processor.py:183} INFO - Processing /usr/local/airflow/dags/data_ingest_gcs.py took 0.095 seconds
[2024-03-31T20:20:07.943+0000] {processor.py:161} INFO - Started process (PID=642) to work on /usr/local/airflow/dags/data_ingest_gcs.py
[2024-03-31T20:20:07.945+0000] {processor.py:830} INFO - Processing file /usr/local/airflow/dags/data_ingest_gcs.py for tasks to queue
[2024-03-31T20:20:07.946+0000] {logging_mixin.py:188} INFO - [2024-03-31T20:20:07.946+0000] {dagbag.py:540} INFO - Filling up the DagBag from /usr/local/airflow/dags/data_ingest_gcs.py
[2024-03-31T20:20:07.962+0000] {processor.py:840} INFO - DAG(s) 'raw_to_gcs' retrieved from /usr/local/airflow/dags/data_ingest_gcs.py
[2024-03-31T20:20:08.012+0000] {logging_mixin.py:188} INFO - [2024-03-31T20:20:08.012+0000] {dag.py:3047} INFO - Sync 1 DAGs
[2024-03-31T20:20:08.036+0000] {logging_mixin.py:188} INFO - [2024-03-31T20:20:08.035+0000] {dag.py:3834} INFO - Setting next_dagrun for raw_to_gcs to None, run_after=None
[2024-03-31T20:20:08.063+0000] {processor.py:183} INFO - Processing /usr/local/airflow/dags/data_ingest_gcs.py took 0.127 seconds
[2024-03-31T20:20:38.234+0000] {processor.py:161} INFO - Started process (PID=652) to work on /usr/local/airflow/dags/data_ingest_gcs.py
[2024-03-31T20:20:38.237+0000] {processor.py:830} INFO - Processing file /usr/local/airflow/dags/data_ingest_gcs.py for tasks to queue
[2024-03-31T20:20:38.239+0000] {logging_mixin.py:188} INFO - [2024-03-31T20:20:38.238+0000] {dagbag.py:540} INFO - Filling up the DagBag from /usr/local/airflow/dags/data_ingest_gcs.py
[2024-03-31T20:20:38.248+0000] {processor.py:840} INFO - DAG(s) 'raw_to_gcs' retrieved from /usr/local/airflow/dags/data_ingest_gcs.py
[2024-03-31T20:20:38.284+0000] {logging_mixin.py:188} INFO - [2024-03-31T20:20:38.284+0000] {dag.py:3047} INFO - Sync 1 DAGs
[2024-03-31T20:20:38.305+0000] {logging_mixin.py:188} INFO - [2024-03-31T20:20:38.304+0000] {dag.py:3834} INFO - Setting next_dagrun for raw_to_gcs to None, run_after=None
[2024-03-31T20:20:38.338+0000] {processor.py:183} INFO - Processing /usr/local/airflow/dags/data_ingest_gcs.py took 0.109 seconds
[2024-03-31T20:21:08.514+0000] {processor.py:161} INFO - Started process (PID=662) to work on /usr/local/airflow/dags/data_ingest_gcs.py
[2024-03-31T20:21:08.517+0000] {processor.py:830} INFO - Processing file /usr/local/airflow/dags/data_ingest_gcs.py for tasks to queue
[2024-03-31T20:21:08.519+0000] {logging_mixin.py:188} INFO - [2024-03-31T20:21:08.518+0000] {dagbag.py:540} INFO - Filling up the DagBag from /usr/local/airflow/dags/data_ingest_gcs.py
[2024-03-31T20:21:08.528+0000] {processor.py:840} INFO - DAG(s) 'raw_to_gcs' retrieved from /usr/local/airflow/dags/data_ingest_gcs.py
[2024-03-31T20:21:08.565+0000] {logging_mixin.py:188} INFO - [2024-03-31T20:21:08.564+0000] {dag.py:3047} INFO - Sync 1 DAGs
[2024-03-31T20:21:08.583+0000] {logging_mixin.py:188} INFO - [2024-03-31T20:21:08.583+0000] {dag.py:3834} INFO - Setting next_dagrun for raw_to_gcs to None, run_after=None
[2024-03-31T20:21:08.612+0000] {processor.py:183} INFO - Processing /usr/local/airflow/dags/data_ingest_gcs.py took 0.104 seconds
[2024-03-31T20:21:38.795+0000] {processor.py:161} INFO - Started process (PID=672) to work on /usr/local/airflow/dags/data_ingest_gcs.py
[2024-03-31T20:21:38.798+0000] {processor.py:830} INFO - Processing file /usr/local/airflow/dags/data_ingest_gcs.py for tasks to queue
[2024-03-31T20:21:38.801+0000] {logging_mixin.py:188} INFO - [2024-03-31T20:21:38.801+0000] {dagbag.py:540} INFO - Filling up the DagBag from /usr/local/airflow/dags/data_ingest_gcs.py
[2024-03-31T20:21:38.814+0000] {processor.py:840} INFO - DAG(s) 'raw_to_gcs' retrieved from /usr/local/airflow/dags/data_ingest_gcs.py
[2024-03-31T20:21:38.864+0000] {logging_mixin.py:188} INFO - [2024-03-31T20:21:38.864+0000] {dag.py:3047} INFO - Sync 1 DAGs
[2024-03-31T20:21:38.882+0000] {logging_mixin.py:188} INFO - [2024-03-31T20:21:38.881+0000] {dag.py:3834} INFO - Setting next_dagrun for raw_to_gcs to None, run_after=None
[2024-03-31T20:21:38.906+0000] {processor.py:183} INFO - Processing /usr/local/airflow/dags/data_ingest_gcs.py took 0.118 seconds
[2024-03-31T20:22:08.982+0000] {processor.py:161} INFO - Started process (PID=682) to work on /usr/local/airflow/dags/data_ingest_gcs.py
[2024-03-31T20:22:08.985+0000] {processor.py:830} INFO - Processing file /usr/local/airflow/dags/data_ingest_gcs.py for tasks to queue
[2024-03-31T20:22:08.986+0000] {logging_mixin.py:188} INFO - [2024-03-31T20:22:08.986+0000] {dagbag.py:540} INFO - Filling up the DagBag from /usr/local/airflow/dags/data_ingest_gcs.py
[2024-03-31T20:22:08.997+0000] {processor.py:840} INFO - DAG(s) 'raw_to_gcs' retrieved from /usr/local/airflow/dags/data_ingest_gcs.py
[2024-03-31T20:22:09.034+0000] {logging_mixin.py:188} INFO - [2024-03-31T20:22:09.034+0000] {dag.py:3047} INFO - Sync 1 DAGs
[2024-03-31T20:22:09.052+0000] {logging_mixin.py:188} INFO - [2024-03-31T20:22:09.052+0000] {dag.py:3834} INFO - Setting next_dagrun for raw_to_gcs to None, run_after=None
[2024-03-31T20:22:09.075+0000] {processor.py:183} INFO - Processing /usr/local/airflow/dags/data_ingest_gcs.py took 0.099 seconds
[2024-03-31T20:22:39.250+0000] {processor.py:161} INFO - Started process (PID=692) to work on /usr/local/airflow/dags/data_ingest_gcs.py
[2024-03-31T20:22:39.252+0000] {processor.py:830} INFO - Processing file /usr/local/airflow/dags/data_ingest_gcs.py for tasks to queue
[2024-03-31T20:22:39.253+0000] {logging_mixin.py:188} INFO - [2024-03-31T20:22:39.253+0000] {dagbag.py:540} INFO - Filling up the DagBag from /usr/local/airflow/dags/data_ingest_gcs.py
[2024-03-31T20:22:39.263+0000] {processor.py:840} INFO - DAG(s) 'raw_to_gcs' retrieved from /usr/local/airflow/dags/data_ingest_gcs.py
[2024-03-31T20:22:39.299+0000] {logging_mixin.py:188} INFO - [2024-03-31T20:22:39.299+0000] {dag.py:3047} INFO - Sync 1 DAGs
[2024-03-31T20:22:39.316+0000] {logging_mixin.py:188} INFO - [2024-03-31T20:22:39.316+0000] {dag.py:3834} INFO - Setting next_dagrun for raw_to_gcs to None, run_after=None
[2024-03-31T20:22:39.340+0000] {processor.py:183} INFO - Processing /usr/local/airflow/dags/data_ingest_gcs.py took 0.096 seconds
[2024-03-31T20:23:09.518+0000] {processor.py:161} INFO - Started process (PID=702) to work on /usr/local/airflow/dags/data_ingest_gcs.py
[2024-03-31T20:23:09.521+0000] {processor.py:830} INFO - Processing file /usr/local/airflow/dags/data_ingest_gcs.py for tasks to queue
[2024-03-31T20:23:09.522+0000] {logging_mixin.py:188} INFO - [2024-03-31T20:23:09.522+0000] {dagbag.py:540} INFO - Filling up the DagBag from /usr/local/airflow/dags/data_ingest_gcs.py
[2024-03-31T20:23:09.532+0000] {processor.py:840} INFO - DAG(s) 'raw_to_gcs' retrieved from /usr/local/airflow/dags/data_ingest_gcs.py
[2024-03-31T20:23:09.569+0000] {logging_mixin.py:188} INFO - [2024-03-31T20:23:09.569+0000] {dag.py:3047} INFO - Sync 1 DAGs
[2024-03-31T20:23:09.586+0000] {logging_mixin.py:188} INFO - [2024-03-31T20:23:09.585+0000] {dag.py:3834} INFO - Setting next_dagrun for raw_to_gcs to None, run_after=None
[2024-03-31T20:23:09.609+0000] {processor.py:183} INFO - Processing /usr/local/airflow/dags/data_ingest_gcs.py took 0.097 seconds
[2024-03-31T20:23:19.619+0000] {processor.py:161} INFO - Started process (PID=707) to work on /usr/local/airflow/dags/data_ingest_gcs.py
[2024-03-31T20:23:19.621+0000] {processor.py:830} INFO - Processing file /usr/local/airflow/dags/data_ingest_gcs.py for tasks to queue
[2024-03-31T20:23:19.622+0000] {logging_mixin.py:188} INFO - [2024-03-31T20:23:19.621+0000] {dagbag.py:540} INFO - Filling up the DagBag from /usr/local/airflow/dags/data_ingest_gcs.py
[2024-03-31T20:23:19.635+0000] {processor.py:840} INFO - DAG(s) 'raw_to_gcs' retrieved from /usr/local/airflow/dags/data_ingest_gcs.py
[2024-03-31T20:23:19.723+0000] {logging_mixin.py:188} INFO - [2024-03-31T20:23:19.723+0000] {dag.py:3047} INFO - Sync 1 DAGs
[2024-03-31T20:23:19.739+0000] {logging_mixin.py:188} INFO - [2024-03-31T20:23:19.738+0000] {dag.py:3834} INFO - Setting next_dagrun for raw_to_gcs to None, run_after=None
[2024-03-31T20:23:19.767+0000] {processor.py:183} INFO - Processing /usr/local/airflow/dags/data_ingest_gcs.py took 0.154 seconds
[2024-03-31T20:23:49.898+0000] {processor.py:161} INFO - Started process (PID=721) to work on /usr/local/airflow/dags/data_ingest_gcs.py
[2024-03-31T20:23:49.901+0000] {processor.py:830} INFO - Processing file /usr/local/airflow/dags/data_ingest_gcs.py for tasks to queue
[2024-03-31T20:23:49.902+0000] {logging_mixin.py:188} INFO - [2024-03-31T20:23:49.901+0000] {dagbag.py:540} INFO - Filling up the DagBag from /usr/local/airflow/dags/data_ingest_gcs.py
[2024-03-31T20:23:49.917+0000] {processor.py:840} INFO - DAG(s) 'raw_to_gcs' retrieved from /usr/local/airflow/dags/data_ingest_gcs.py
[2024-03-31T20:23:49.956+0000] {logging_mixin.py:188} INFO - [2024-03-31T20:23:49.955+0000] {dag.py:3047} INFO - Sync 1 DAGs
[2024-03-31T20:23:49.974+0000] {logging_mixin.py:188} INFO - [2024-03-31T20:23:49.974+0000] {dag.py:3834} INFO - Setting next_dagrun for raw_to_gcs to None, run_after=None
[2024-03-31T20:23:50.000+0000] {processor.py:183} INFO - Processing /usr/local/airflow/dags/data_ingest_gcs.py took 0.107 seconds
[2024-03-31T20:24:20.072+0000] {processor.py:161} INFO - Started process (PID=735) to work on /usr/local/airflow/dags/data_ingest_gcs.py
[2024-03-31T20:24:20.073+0000] {processor.py:830} INFO - Processing file /usr/local/airflow/dags/data_ingest_gcs.py for tasks to queue
[2024-03-31T20:24:20.075+0000] {logging_mixin.py:188} INFO - [2024-03-31T20:24:20.074+0000] {dagbag.py:540} INFO - Filling up the DagBag from /usr/local/airflow/dags/data_ingest_gcs.py
[2024-03-31T20:24:20.091+0000] {processor.py:840} INFO - DAG(s) 'raw_to_gcs' retrieved from /usr/local/airflow/dags/data_ingest_gcs.py
[2024-03-31T20:24:20.136+0000] {logging_mixin.py:188} INFO - [2024-03-31T20:24:20.135+0000] {dag.py:3047} INFO - Sync 1 DAGs
[2024-03-31T20:24:20.153+0000] {logging_mixin.py:188} INFO - [2024-03-31T20:24:20.152+0000] {dag.py:3834} INFO - Setting next_dagrun for raw_to_gcs to None, run_after=None
[2024-03-31T20:24:20.177+0000] {processor.py:183} INFO - Processing /usr/local/airflow/dags/data_ingest_gcs.py took 0.111 seconds
[2024-03-31T20:24:50.297+0000] {processor.py:161} INFO - Started process (PID=749) to work on /usr/local/airflow/dags/data_ingest_gcs.py
[2024-03-31T20:24:50.300+0000] {processor.py:830} INFO - Processing file /usr/local/airflow/dags/data_ingest_gcs.py for tasks to queue
[2024-03-31T20:24:50.302+0000] {logging_mixin.py:188} INFO - [2024-03-31T20:24:50.302+0000] {dagbag.py:540} INFO - Filling up the DagBag from /usr/local/airflow/dags/data_ingest_gcs.py
[2024-03-31T20:24:50.317+0000] {processor.py:840} INFO - DAG(s) 'raw_to_gcs' retrieved from /usr/local/airflow/dags/data_ingest_gcs.py
[2024-03-31T20:24:50.367+0000] {logging_mixin.py:188} INFO - [2024-03-31T20:24:50.367+0000] {dag.py:3047} INFO - Sync 1 DAGs
[2024-03-31T20:24:50.391+0000] {logging_mixin.py:188} INFO - [2024-03-31T20:24:50.390+0000] {dag.py:3834} INFO - Setting next_dagrun for raw_to_gcs to None, run_after=None
[2024-03-31T20:24:50.417+0000] {processor.py:183} INFO - Processing /usr/local/airflow/dags/data_ingest_gcs.py took 0.127 seconds
[2024-03-31T20:25:20.586+0000] {processor.py:161} INFO - Started process (PID=763) to work on /usr/local/airflow/dags/data_ingest_gcs.py
[2024-03-31T20:25:20.588+0000] {processor.py:830} INFO - Processing file /usr/local/airflow/dags/data_ingest_gcs.py for tasks to queue
[2024-03-31T20:25:20.590+0000] {logging_mixin.py:188} INFO - [2024-03-31T20:25:20.589+0000] {dagbag.py:540} INFO - Filling up the DagBag from /usr/local/airflow/dags/data_ingest_gcs.py
[2024-03-31T20:25:20.605+0000] {processor.py:840} INFO - DAG(s) 'raw_to_gcs' retrieved from /usr/local/airflow/dags/data_ingest_gcs.py
[2024-03-31T20:25:20.645+0000] {logging_mixin.py:188} INFO - [2024-03-31T20:25:20.645+0000] {dag.py:3047} INFO - Sync 1 DAGs
[2024-03-31T20:25:20.662+0000] {logging_mixin.py:188} INFO - [2024-03-31T20:25:20.662+0000] {dag.py:3834} INFO - Setting next_dagrun for raw_to_gcs to None, run_after=None
[2024-03-31T20:25:20.684+0000] {processor.py:183} INFO - Processing /usr/local/airflow/dags/data_ingest_gcs.py took 0.104 seconds
[2024-03-31T20:25:50.760+0000] {processor.py:161} INFO - Started process (PID=773) to work on /usr/local/airflow/dags/data_ingest_gcs.py
[2024-03-31T20:25:50.763+0000] {processor.py:830} INFO - Processing file /usr/local/airflow/dags/data_ingest_gcs.py for tasks to queue
[2024-03-31T20:25:50.765+0000] {logging_mixin.py:188} INFO - [2024-03-31T20:25:50.764+0000] {dagbag.py:540} INFO - Filling up the DagBag from /usr/local/airflow/dags/data_ingest_gcs.py
[2024-03-31T20:25:50.777+0000] {processor.py:840} INFO - DAG(s) 'raw_to_gcs' retrieved from /usr/local/airflow/dags/data_ingest_gcs.py
[2024-03-31T20:25:50.822+0000] {logging_mixin.py:188} INFO - [2024-03-31T20:25:50.821+0000] {dag.py:3047} INFO - Sync 1 DAGs
[2024-03-31T20:25:50.840+0000] {logging_mixin.py:188} INFO - [2024-03-31T20:25:50.839+0000] {dag.py:3834} INFO - Setting next_dagrun for raw_to_gcs to None, run_after=None
[2024-03-31T20:25:50.866+0000] {processor.py:183} INFO - Processing /usr/local/airflow/dags/data_ingest_gcs.py took 0.113 seconds
[2024-03-31T20:26:21.066+0000] {processor.py:161} INFO - Started process (PID=805) to work on /usr/local/airflow/dags/data_ingest_gcs.py
[2024-03-31T20:26:21.069+0000] {processor.py:830} INFO - Processing file /usr/local/airflow/dags/data_ingest_gcs.py for tasks to queue
[2024-03-31T20:26:21.071+0000] {logging_mixin.py:188} INFO - [2024-03-31T20:26:21.070+0000] {dagbag.py:540} INFO - Filling up the DagBag from /usr/local/airflow/dags/data_ingest_gcs.py
[2024-03-31T20:26:21.082+0000] {processor.py:840} INFO - DAG(s) 'raw_to_gcs' retrieved from /usr/local/airflow/dags/data_ingest_gcs.py
[2024-03-31T20:26:21.127+0000] {logging_mixin.py:188} INFO - [2024-03-31T20:26:21.126+0000] {dag.py:3047} INFO - Sync 1 DAGs
[2024-03-31T20:26:21.145+0000] {logging_mixin.py:188} INFO - [2024-03-31T20:26:21.145+0000] {dag.py:3834} INFO - Setting next_dagrun for raw_to_gcs to None, run_after=None
[2024-03-31T20:26:21.172+0000] {processor.py:183} INFO - Processing /usr/local/airflow/dags/data_ingest_gcs.py took 0.111 seconds
[2024-03-31T20:26:51.340+0000] {processor.py:161} INFO - Started process (PID=815) to work on /usr/local/airflow/dags/data_ingest_gcs.py
[2024-03-31T20:26:51.345+0000] {processor.py:830} INFO - Processing file /usr/local/airflow/dags/data_ingest_gcs.py for tasks to queue
[2024-03-31T20:26:51.346+0000] {logging_mixin.py:188} INFO - [2024-03-31T20:26:51.346+0000] {dagbag.py:540} INFO - Filling up the DagBag from /usr/local/airflow/dags/data_ingest_gcs.py
[2024-03-31T20:26:51.357+0000] {processor.py:840} INFO - DAG(s) 'raw_to_gcs' retrieved from /usr/local/airflow/dags/data_ingest_gcs.py
[2024-03-31T20:26:51.400+0000] {logging_mixin.py:188} INFO - [2024-03-31T20:26:51.400+0000] {dag.py:3047} INFO - Sync 1 DAGs
[2024-03-31T20:26:51.417+0000] {logging_mixin.py:188} INFO - [2024-03-31T20:26:51.417+0000] {dag.py:3834} INFO - Setting next_dagrun for raw_to_gcs to None, run_after=None
[2024-03-31T20:26:51.440+0000] {processor.py:183} INFO - Processing /usr/local/airflow/dags/data_ingest_gcs.py took 0.105 seconds
[2024-03-31T20:27:21.536+0000] {processor.py:161} INFO - Started process (PID=825) to work on /usr/local/airflow/dags/data_ingest_gcs.py
[2024-03-31T20:27:21.539+0000] {processor.py:830} INFO - Processing file /usr/local/airflow/dags/data_ingest_gcs.py for tasks to queue
[2024-03-31T20:27:21.541+0000] {logging_mixin.py:188} INFO - [2024-03-31T20:27:21.540+0000] {dagbag.py:540} INFO - Filling up the DagBag from /usr/local/airflow/dags/data_ingest_gcs.py
[2024-03-31T20:27:21.553+0000] {processor.py:840} INFO - DAG(s) 'raw_to_gcs' retrieved from /usr/local/airflow/dags/data_ingest_gcs.py
[2024-03-31T20:27:21.608+0000] {logging_mixin.py:188} INFO - [2024-03-31T20:27:21.608+0000] {dag.py:3047} INFO - Sync 1 DAGs
[2024-03-31T20:27:21.634+0000] {logging_mixin.py:188} INFO - [2024-03-31T20:27:21.634+0000] {dag.py:3834} INFO - Setting next_dagrun for raw_to_gcs to None, run_after=None
[2024-03-31T20:27:21.663+0000] {processor.py:183} INFO - Processing /usr/local/airflow/dags/data_ingest_gcs.py took 0.133 seconds
[2024-03-31T20:27:29.636+0000] {processor.py:161} INFO - Started process (PID=835) to work on /usr/local/airflow/dags/data_ingest_gcs.py
[2024-03-31T20:27:29.639+0000] {processor.py:830} INFO - Processing file /usr/local/airflow/dags/data_ingest_gcs.py for tasks to queue
[2024-03-31T20:27:29.640+0000] {logging_mixin.py:188} INFO - [2024-03-31T20:27:29.639+0000] {dagbag.py:540} INFO - Filling up the DagBag from /usr/local/airflow/dags/data_ingest_gcs.py
[2024-03-31T20:27:29.650+0000] {logging_mixin.py:188} INFO - [2024-03-31T20:27:29.648+0000] {dagbag.py:350} ERROR - Failed to import: /usr/local/airflow/dags/data_ingest_gcs.py
Traceback (most recent call last):
  File "/usr/local/lib/python3.11/site-packages/airflow/models/dagbag.py", line 346, in parse
    loader.exec_module(new_module)
  File "<frozen importlib._bootstrap_external>", line 940, in exec_module
  File "<frozen importlib._bootstrap>", line 241, in _call_with_frames_removed
  File "/usr/local/airflow/dags/data_ingest_gcs.py", line 56, in <module>
    raw_to_gcs()
    ^^^^^^^^^^
NameError: name 'raw_to_gcs' is not defined
[2024-03-31T20:27:29.651+0000] {processor.py:842} WARNING - No viable dags retrieved from /usr/local/airflow/dags/data_ingest_gcs.py
[2024-03-31T20:27:29.683+0000] {processor.py:183} INFO - Processing /usr/local/airflow/dags/data_ingest_gcs.py took 0.054 seconds
[2024-03-31T20:27:51.743+0000] {processor.py:161} INFO - Started process (PID=840) to work on /usr/local/airflow/dags/data_ingest_gcs.py
[2024-03-31T20:27:51.746+0000] {processor.py:830} INFO - Processing file /usr/local/airflow/dags/data_ingest_gcs.py for tasks to queue
[2024-03-31T20:27:51.747+0000] {logging_mixin.py:188} INFO - [2024-03-31T20:27:51.747+0000] {dagbag.py:540} INFO - Filling up the DagBag from /usr/local/airflow/dags/data_ingest_gcs.py
[2024-03-31T20:27:51.759+0000] {processor.py:840} INFO - DAG(s) 'raw_parquet_to_gcs' retrieved from /usr/local/airflow/dags/data_ingest_gcs.py
[2024-03-31T20:27:51.855+0000] {logging_mixin.py:188} INFO - [2024-03-31T20:27:51.854+0000] {override.py:1769} INFO - Created Permission View: can read on DAG:raw_parquet_to_gcs
[2024-03-31T20:27:51.868+0000] {logging_mixin.py:188} INFO - [2024-03-31T20:27:51.868+0000] {override.py:1769} INFO - Created Permission View: can delete on DAG:raw_parquet_to_gcs
[2024-03-31T20:27:51.876+0000] {logging_mixin.py:188} INFO - [2024-03-31T20:27:51.876+0000] {override.py:1769} INFO - Created Permission View: can edit on DAG:raw_parquet_to_gcs
[2024-03-31T20:27:51.877+0000] {logging_mixin.py:188} INFO - [2024-03-31T20:27:51.877+0000] {dag.py:3047} INFO - Sync 1 DAGs
[2024-03-31T20:27:51.891+0000] {logging_mixin.py:188} INFO - [2024-03-31T20:27:51.891+0000] {dag.py:3069} INFO - Creating ORM DAG for raw_parquet_to_gcs
[2024-03-31T20:27:51.892+0000] {logging_mixin.py:188} INFO - [2024-03-31T20:27:51.892+0000] {dag.py:3834} INFO - Setting next_dagrun for raw_parquet_to_gcs to None, run_after=None
[2024-03-31T20:27:51.916+0000] {processor.py:183} INFO - Processing /usr/local/airflow/dags/data_ingest_gcs.py took 0.178 seconds
[2024-03-31T20:28:22.026+0000] {processor.py:161} INFO - Started process (PID=850) to work on /usr/local/airflow/dags/data_ingest_gcs.py
[2024-03-31T20:28:22.028+0000] {processor.py:830} INFO - Processing file /usr/local/airflow/dags/data_ingest_gcs.py for tasks to queue
[2024-03-31T20:28:22.030+0000] {logging_mixin.py:188} INFO - [2024-03-31T20:28:22.029+0000] {dagbag.py:540} INFO - Filling up the DagBag from /usr/local/airflow/dags/data_ingest_gcs.py
[2024-03-31T20:28:22.041+0000] {processor.py:840} INFO - DAG(s) 'raw_parquet_to_gcs' retrieved from /usr/local/airflow/dags/data_ingest_gcs.py
[2024-03-31T20:28:22.086+0000] {logging_mixin.py:188} INFO - [2024-03-31T20:28:22.085+0000] {dag.py:3047} INFO - Sync 1 DAGs
[2024-03-31T20:28:22.103+0000] {logging_mixin.py:188} INFO - [2024-03-31T20:28:22.102+0000] {dag.py:3834} INFO - Setting next_dagrun for raw_parquet_to_gcs to None, run_after=None
[2024-03-31T20:28:22.128+0000] {processor.py:183} INFO - Processing /usr/local/airflow/dags/data_ingest_gcs.py took 0.107 seconds
[2024-03-31T20:28:52.211+0000] {processor.py:161} INFO - Started process (PID=860) to work on /usr/local/airflow/dags/data_ingest_gcs.py
[2024-03-31T20:28:52.212+0000] {processor.py:830} INFO - Processing file /usr/local/airflow/dags/data_ingest_gcs.py for tasks to queue
[2024-03-31T20:28:52.213+0000] {logging_mixin.py:188} INFO - [2024-03-31T20:28:52.213+0000] {dagbag.py:540} INFO - Filling up the DagBag from /usr/local/airflow/dags/data_ingest_gcs.py
[2024-03-31T20:28:52.224+0000] {processor.py:840} INFO - DAG(s) 'raw_parquet_to_gcs' retrieved from /usr/local/airflow/dags/data_ingest_gcs.py
[2024-03-31T20:28:52.272+0000] {logging_mixin.py:188} INFO - [2024-03-31T20:28:52.272+0000] {dag.py:3047} INFO - Sync 1 DAGs
[2024-03-31T20:28:52.291+0000] {logging_mixin.py:188} INFO - [2024-03-31T20:28:52.291+0000] {dag.py:3834} INFO - Setting next_dagrun for raw_parquet_to_gcs to None, run_after=None
[2024-03-31T20:28:52.316+0000] {processor.py:183} INFO - Processing /usr/local/airflow/dags/data_ingest_gcs.py took 0.111 seconds
[2024-03-31T20:29:22.421+0000] {processor.py:161} INFO - Started process (PID=870) to work on /usr/local/airflow/dags/data_ingest_gcs.py
[2024-03-31T20:29:22.423+0000] {processor.py:830} INFO - Processing file /usr/local/airflow/dags/data_ingest_gcs.py for tasks to queue
[2024-03-31T20:29:22.424+0000] {logging_mixin.py:188} INFO - [2024-03-31T20:29:22.424+0000] {dagbag.py:540} INFO - Filling up the DagBag from /usr/local/airflow/dags/data_ingest_gcs.py
[2024-03-31T20:29:22.435+0000] {processor.py:840} INFO - DAG(s) 'raw_parquet_to_gcs' retrieved from /usr/local/airflow/dags/data_ingest_gcs.py
[2024-03-31T20:29:22.481+0000] {logging_mixin.py:188} INFO - [2024-03-31T20:29:22.480+0000] {dag.py:3047} INFO - Sync 1 DAGs
[2024-03-31T20:29:22.497+0000] {logging_mixin.py:188} INFO - [2024-03-31T20:29:22.497+0000] {dag.py:3834} INFO - Setting next_dagrun for raw_parquet_to_gcs to None, run_after=None
[2024-03-31T20:29:22.524+0000] {processor.py:183} INFO - Processing /usr/local/airflow/dags/data_ingest_gcs.py took 0.109 seconds
[2024-03-31T20:29:52.697+0000] {processor.py:161} INFO - Started process (PID=880) to work on /usr/local/airflow/dags/data_ingest_gcs.py
[2024-03-31T20:29:52.699+0000] {processor.py:830} INFO - Processing file /usr/local/airflow/dags/data_ingest_gcs.py for tasks to queue
[2024-03-31T20:29:52.701+0000] {logging_mixin.py:188} INFO - [2024-03-31T20:29:52.700+0000] {dagbag.py:540} INFO - Filling up the DagBag from /usr/local/airflow/dags/data_ingest_gcs.py
[2024-03-31T20:29:52.712+0000] {processor.py:840} INFO - DAG(s) 'raw_parquet_to_gcs' retrieved from /usr/local/airflow/dags/data_ingest_gcs.py
[2024-03-31T20:29:52.754+0000] {logging_mixin.py:188} INFO - [2024-03-31T20:29:52.753+0000] {dag.py:3047} INFO - Sync 1 DAGs
[2024-03-31T20:29:52.772+0000] {logging_mixin.py:188} INFO - [2024-03-31T20:29:52.771+0000] {dag.py:3834} INFO - Setting next_dagrun for raw_parquet_to_gcs to None, run_after=None
[2024-03-31T20:29:52.796+0000] {processor.py:183} INFO - Processing /usr/local/airflow/dags/data_ingest_gcs.py took 0.105 seconds
[2024-03-31T20:30:22.874+0000] {processor.py:161} INFO - Started process (PID=890) to work on /usr/local/airflow/dags/data_ingest_gcs.py
[2024-03-31T20:30:22.877+0000] {processor.py:830} INFO - Processing file /usr/local/airflow/dags/data_ingest_gcs.py for tasks to queue
[2024-03-31T20:30:22.879+0000] {logging_mixin.py:188} INFO - [2024-03-31T20:30:22.878+0000] {dagbag.py:540} INFO - Filling up the DagBag from /usr/local/airflow/dags/data_ingest_gcs.py
[2024-03-31T20:30:22.894+0000] {processor.py:840} INFO - DAG(s) 'raw_parquet_to_gcs' retrieved from /usr/local/airflow/dags/data_ingest_gcs.py
[2024-03-31T20:30:22.943+0000] {logging_mixin.py:188} INFO - [2024-03-31T20:30:22.942+0000] {dag.py:3047} INFO - Sync 1 DAGs
[2024-03-31T20:30:22.965+0000] {logging_mixin.py:188} INFO - [2024-03-31T20:30:22.965+0000] {dag.py:3834} INFO - Setting next_dagrun for raw_parquet_to_gcs to None, run_after=None
[2024-03-31T20:30:22.995+0000] {processor.py:183} INFO - Processing /usr/local/airflow/dags/data_ingest_gcs.py took 0.126 seconds
[2024-03-31T20:30:53.090+0000] {processor.py:161} INFO - Started process (PID=900) to work on /usr/local/airflow/dags/data_ingest_gcs.py
[2024-03-31T20:30:53.092+0000] {processor.py:830} INFO - Processing file /usr/local/airflow/dags/data_ingest_gcs.py for tasks to queue
[2024-03-31T20:30:53.093+0000] {logging_mixin.py:188} INFO - [2024-03-31T20:30:53.093+0000] {dagbag.py:540} INFO - Filling up the DagBag from /usr/local/airflow/dags/data_ingest_gcs.py
[2024-03-31T20:30:53.107+0000] {processor.py:840} INFO - DAG(s) 'raw_parquet_to_gcs' retrieved from /usr/local/airflow/dags/data_ingest_gcs.py
[2024-03-31T20:30:53.153+0000] {logging_mixin.py:188} INFO - [2024-03-31T20:30:53.153+0000] {dag.py:3047} INFO - Sync 1 DAGs
[2024-03-31T20:30:53.170+0000] {logging_mixin.py:188} INFO - [2024-03-31T20:30:53.169+0000] {dag.py:3834} INFO - Setting next_dagrun for raw_parquet_to_gcs to None, run_after=None
[2024-03-31T20:30:53.192+0000] {processor.py:183} INFO - Processing /usr/local/airflow/dags/data_ingest_gcs.py took 0.108 seconds
[2024-03-31T20:31:23.367+0000] {processor.py:161} INFO - Started process (PID=910) to work on /usr/local/airflow/dags/data_ingest_gcs.py
[2024-03-31T20:31:23.370+0000] {processor.py:830} INFO - Processing file /usr/local/airflow/dags/data_ingest_gcs.py for tasks to queue
[2024-03-31T20:31:23.372+0000] {logging_mixin.py:188} INFO - [2024-03-31T20:31:23.371+0000] {dagbag.py:540} INFO - Filling up the DagBag from /usr/local/airflow/dags/data_ingest_gcs.py
[2024-03-31T20:31:23.386+0000] {processor.py:840} INFO - DAG(s) 'raw_parquet_to_gcs' retrieved from /usr/local/airflow/dags/data_ingest_gcs.py
[2024-03-31T20:31:23.430+0000] {logging_mixin.py:188} INFO - [2024-03-31T20:31:23.429+0000] {dag.py:3047} INFO - Sync 1 DAGs
[2024-03-31T20:31:23.448+0000] {logging_mixin.py:188} INFO - [2024-03-31T20:31:23.447+0000] {dag.py:3834} INFO - Setting next_dagrun for raw_parquet_to_gcs to None, run_after=None
[2024-03-31T20:31:23.474+0000] {processor.py:183} INFO - Processing /usr/local/airflow/dags/data_ingest_gcs.py took 0.112 seconds
[2024-03-31T20:31:53.643+0000] {processor.py:161} INFO - Started process (PID=920) to work on /usr/local/airflow/dags/data_ingest_gcs.py
[2024-03-31T20:31:53.645+0000] {processor.py:830} INFO - Processing file /usr/local/airflow/dags/data_ingest_gcs.py for tasks to queue
[2024-03-31T20:31:53.646+0000] {logging_mixin.py:188} INFO - [2024-03-31T20:31:53.646+0000] {dagbag.py:540} INFO - Filling up the DagBag from /usr/local/airflow/dags/data_ingest_gcs.py
[2024-03-31T20:31:53.658+0000] {processor.py:840} INFO - DAG(s) 'raw_parquet_to_gcs' retrieved from /usr/local/airflow/dags/data_ingest_gcs.py
[2024-03-31T20:31:53.698+0000] {logging_mixin.py:188} INFO - [2024-03-31T20:31:53.698+0000] {dag.py:3047} INFO - Sync 1 DAGs
[2024-03-31T20:31:53.716+0000] {logging_mixin.py:188} INFO - [2024-03-31T20:31:53.715+0000] {dag.py:3834} INFO - Setting next_dagrun for raw_parquet_to_gcs to None, run_after=None
[2024-03-31T20:31:53.741+0000] {processor.py:183} INFO - Processing /usr/local/airflow/dags/data_ingest_gcs.py took 0.103 seconds
[2024-03-31T20:32:23.932+0000] {processor.py:161} INFO - Started process (PID=930) to work on /usr/local/airflow/dags/data_ingest_gcs.py
[2024-03-31T20:32:23.941+0000] {processor.py:830} INFO - Processing file /usr/local/airflow/dags/data_ingest_gcs.py for tasks to queue
[2024-03-31T20:32:23.943+0000] {logging_mixin.py:188} INFO - [2024-03-31T20:32:23.942+0000] {dagbag.py:540} INFO - Filling up the DagBag from /usr/local/airflow/dags/data_ingest_gcs.py
[2024-03-31T20:32:23.958+0000] {processor.py:840} INFO - DAG(s) 'raw_parquet_to_gcs' retrieved from /usr/local/airflow/dags/data_ingest_gcs.py
[2024-03-31T20:32:24.000+0000] {logging_mixin.py:188} INFO - [2024-03-31T20:32:24.000+0000] {dag.py:3047} INFO - Sync 1 DAGs
[2024-03-31T20:32:24.018+0000] {logging_mixin.py:188} INFO - [2024-03-31T20:32:24.018+0000] {dag.py:3834} INFO - Setting next_dagrun for raw_parquet_to_gcs to None, run_after=None
[2024-03-31T20:32:24.045+0000] {processor.py:183} INFO - Processing /usr/local/airflow/dags/data_ingest_gcs.py took 0.120 seconds
[2024-03-31T20:32:54.218+0000] {processor.py:161} INFO - Started process (PID=940) to work on /usr/local/airflow/dags/data_ingest_gcs.py
[2024-03-31T20:32:54.224+0000] {processor.py:830} INFO - Processing file /usr/local/airflow/dags/data_ingest_gcs.py for tasks to queue
[2024-03-31T20:32:54.225+0000] {logging_mixin.py:188} INFO - [2024-03-31T20:32:54.225+0000] {dagbag.py:540} INFO - Filling up the DagBag from /usr/local/airflow/dags/data_ingest_gcs.py
[2024-03-31T20:32:54.248+0000] {processor.py:840} INFO - DAG(s) 'raw_parquet_to_gcs' retrieved from /usr/local/airflow/dags/data_ingest_gcs.py
[2024-03-31T20:32:54.299+0000] {logging_mixin.py:188} INFO - [2024-03-31T20:32:54.299+0000] {dag.py:3047} INFO - Sync 1 DAGs
[2024-03-31T20:32:54.321+0000] {logging_mixin.py:188} INFO - [2024-03-31T20:32:54.320+0000] {dag.py:3834} INFO - Setting next_dagrun for raw_parquet_to_gcs to None, run_after=None
[2024-03-31T20:32:54.345+0000] {processor.py:183} INFO - Processing /usr/local/airflow/dags/data_ingest_gcs.py took 0.135 seconds
[2024-03-31T20:33:24.400+0000] {processor.py:161} INFO - Started process (PID=950) to work on /usr/local/airflow/dags/data_ingest_gcs.py
[2024-03-31T20:33:24.404+0000] {processor.py:830} INFO - Processing file /usr/local/airflow/dags/data_ingest_gcs.py for tasks to queue
[2024-03-31T20:33:24.406+0000] {logging_mixin.py:188} INFO - [2024-03-31T20:33:24.405+0000] {dagbag.py:540} INFO - Filling up the DagBag from /usr/local/airflow/dags/data_ingest_gcs.py
[2024-03-31T20:33:24.418+0000] {processor.py:840} INFO - DAG(s) 'raw_parquet_to_gcs' retrieved from /usr/local/airflow/dags/data_ingest_gcs.py
[2024-03-31T20:33:24.464+0000] {logging_mixin.py:188} INFO - [2024-03-31T20:33:24.464+0000] {dag.py:3047} INFO - Sync 1 DAGs
[2024-03-31T20:33:24.486+0000] {logging_mixin.py:188} INFO - [2024-03-31T20:33:24.486+0000] {dag.py:3834} INFO - Setting next_dagrun for raw_parquet_to_gcs to None, run_after=None
[2024-03-31T20:33:24.513+0000] {processor.py:183} INFO - Processing /usr/local/airflow/dags/data_ingest_gcs.py took 0.120 seconds
[2024-03-31T20:33:54.702+0000] {processor.py:161} INFO - Started process (PID=960) to work on /usr/local/airflow/dags/data_ingest_gcs.py
[2024-03-31T20:33:54.704+0000] {processor.py:830} INFO - Processing file /usr/local/airflow/dags/data_ingest_gcs.py for tasks to queue
[2024-03-31T20:33:54.705+0000] {logging_mixin.py:188} INFO - [2024-03-31T20:33:54.705+0000] {dagbag.py:540} INFO - Filling up the DagBag from /usr/local/airflow/dags/data_ingest_gcs.py
[2024-03-31T20:33:54.732+0000] {processor.py:840} INFO - DAG(s) 'raw_parquet_to_gcs' retrieved from /usr/local/airflow/dags/data_ingest_gcs.py
[2024-03-31T20:33:54.829+0000] {logging_mixin.py:188} INFO - [2024-03-31T20:33:54.829+0000] {dag.py:3047} INFO - Sync 1 DAGs
[2024-03-31T20:33:54.849+0000] {logging_mixin.py:188} INFO - [2024-03-31T20:33:54.848+0000] {dag.py:3834} INFO - Setting next_dagrun for raw_parquet_to_gcs to None, run_after=None
[2024-03-31T20:33:54.902+0000] {processor.py:183} INFO - Processing /usr/local/airflow/dags/data_ingest_gcs.py took 0.207 seconds
[2024-03-31T20:34:25.083+0000] {processor.py:161} INFO - Started process (PID=970) to work on /usr/local/airflow/dags/data_ingest_gcs.py
[2024-03-31T20:34:25.090+0000] {processor.py:830} INFO - Processing file /usr/local/airflow/dags/data_ingest_gcs.py for tasks to queue
[2024-03-31T20:34:25.091+0000] {logging_mixin.py:188} INFO - [2024-03-31T20:34:25.091+0000] {dagbag.py:540} INFO - Filling up the DagBag from /usr/local/airflow/dags/data_ingest_gcs.py
[2024-03-31T20:34:25.103+0000] {processor.py:840} INFO - DAG(s) 'raw_parquet_to_gcs' retrieved from /usr/local/airflow/dags/data_ingest_gcs.py
[2024-03-31T20:34:25.156+0000] {logging_mixin.py:188} INFO - [2024-03-31T20:34:25.155+0000] {dag.py:3047} INFO - Sync 1 DAGs
[2024-03-31T20:34:25.181+0000] {logging_mixin.py:188} INFO - [2024-03-31T20:34:25.181+0000] {dag.py:3834} INFO - Setting next_dagrun for raw_parquet_to_gcs to None, run_after=None
[2024-03-31T20:34:25.215+0000] {processor.py:183} INFO - Processing /usr/local/airflow/dags/data_ingest_gcs.py took 0.138 seconds
[2024-03-31T20:34:26.114+0000] {processor.py:161} INFO - Started process (PID=980) to work on /usr/local/airflow/dags/data_ingest_gcs.py
[2024-03-31T20:34:26.116+0000] {processor.py:830} INFO - Processing file /usr/local/airflow/dags/data_ingest_gcs.py for tasks to queue
[2024-03-31T20:34:26.117+0000] {logging_mixin.py:188} INFO - [2024-03-31T20:34:26.116+0000] {dagbag.py:540} INFO - Filling up the DagBag from /usr/local/airflow/dags/data_ingest_gcs.py
[2024-03-31T20:34:26.129+0000] {processor.py:840} INFO - DAG(s) 'raw_parquet_to_gcs' retrieved from /usr/local/airflow/dags/data_ingest_gcs.py
[2024-03-31T20:34:26.171+0000] {logging_mixin.py:188} INFO - [2024-03-31T20:34:26.170+0000] {dag.py:3047} INFO - Sync 1 DAGs
[2024-03-31T20:34:26.189+0000] {logging_mixin.py:188} INFO - [2024-03-31T20:34:26.188+0000] {dag.py:3834} INFO - Setting next_dagrun for raw_parquet_to_gcs to None, run_after=None
[2024-03-31T20:34:26.215+0000] {processor.py:183} INFO - Processing /usr/local/airflow/dags/data_ingest_gcs.py took 0.108 seconds
[2024-03-31T20:34:56.369+0000] {processor.py:161} INFO - Started process (PID=990) to work on /usr/local/airflow/dags/data_ingest_gcs.py
[2024-03-31T20:34:56.371+0000] {processor.py:830} INFO - Processing file /usr/local/airflow/dags/data_ingest_gcs.py for tasks to queue
[2024-03-31T20:34:56.372+0000] {logging_mixin.py:188} INFO - [2024-03-31T20:34:56.371+0000] {dagbag.py:540} INFO - Filling up the DagBag from /usr/local/airflow/dags/data_ingest_gcs.py
[2024-03-31T20:34:56.384+0000] {processor.py:840} INFO - DAG(s) 'raw_parquet_to_gcs' retrieved from /usr/local/airflow/dags/data_ingest_gcs.py
[2024-03-31T20:34:56.423+0000] {logging_mixin.py:188} INFO - [2024-03-31T20:34:56.422+0000] {dag.py:3047} INFO - Sync 1 DAGs
[2024-03-31T20:34:56.439+0000] {logging_mixin.py:188} INFO - [2024-03-31T20:34:56.439+0000] {dag.py:3834} INFO - Setting next_dagrun for raw_parquet_to_gcs to None, run_after=None
[2024-03-31T20:34:56.462+0000] {processor.py:183} INFO - Processing /usr/local/airflow/dags/data_ingest_gcs.py took 0.098 seconds
[2024-03-31T20:35:05.434+0000] {processor.py:161} INFO - Started process (PID=995) to work on /usr/local/airflow/dags/data_ingest_gcs.py
[2024-03-31T20:35:05.437+0000] {processor.py:830} INFO - Processing file /usr/local/airflow/dags/data_ingest_gcs.py for tasks to queue
[2024-03-31T20:35:05.439+0000] {logging_mixin.py:188} INFO - [2024-03-31T20:35:05.438+0000] {dagbag.py:540} INFO - Filling up the DagBag from /usr/local/airflow/dags/data_ingest_gcs.py
[2024-03-31T20:35:05.444+0000] {logging_mixin.py:188} INFO - [2024-03-31T20:35:05.443+0000] {dagbag.py:350} ERROR - Failed to import: /usr/local/airflow/dags/data_ingest_gcs.py
Traceback (most recent call last):
  File "/usr/local/lib/python3.11/site-packages/airflow/models/dagbag.py", line 346, in parse
    loader.exec_module(new_module)
  File "<frozen importlib._bootstrap_external>", line 936, in exec_module
  File "<frozen importlib._bootstrap_external>", line 1074, in get_code
  File "<frozen importlib._bootstrap_external>", line 1004, in source_to_code
  File "<frozen importlib._bootstrap>", line 241, in _call_with_frames_removed
  File "/usr/local/airflow/dags/data_ingest_gcs.py", line 60
    
    ^
IndentationError: expected an indented block after function definition on line 59
[2024-03-31T20:35:05.445+0000] {processor.py:842} WARNING - No viable dags retrieved from /usr/local/airflow/dags/data_ingest_gcs.py
[2024-03-31T20:35:05.480+0000] {processor.py:183} INFO - Processing /usr/local/airflow/dags/data_ingest_gcs.py took 0.052 seconds
[2024-03-31T20:35:35.648+0000] {processor.py:161} INFO - Started process (PID=1005) to work on /usr/local/airflow/dags/data_ingest_gcs.py
[2024-03-31T20:35:35.651+0000] {processor.py:830} INFO - Processing file /usr/local/airflow/dags/data_ingest_gcs.py for tasks to queue
[2024-03-31T20:35:35.652+0000] {logging_mixin.py:188} INFO - [2024-03-31T20:35:35.652+0000] {dagbag.py:540} INFO - Filling up the DagBag from /usr/local/airflow/dags/data_ingest_gcs.py
[2024-03-31T20:35:35.659+0000] {logging_mixin.py:188} INFO - [2024-03-31T20:35:35.657+0000] {dagbag.py:350} ERROR - Failed to import: /usr/local/airflow/dags/data_ingest_gcs.py
Traceback (most recent call last):
  File "/usr/local/lib/python3.11/site-packages/airflow/models/dagbag.py", line 346, in parse
    loader.exec_module(new_module)
  File "<frozen importlib._bootstrap_external>", line 936, in exec_module
  File "<frozen importlib._bootstrap_external>", line 1074, in get_code
  File "<frozen importlib._bootstrap_external>", line 1004, in source_to_code
  File "<frozen importlib._bootstrap>", line 241, in _call_with_frames_removed
  File "/usr/local/airflow/dags/data_ingest_gcs.py", line 60
    
    ^
IndentationError: expected an indented block after function definition on line 59
[2024-03-31T20:35:35.660+0000] {processor.py:842} WARNING - No viable dags retrieved from /usr/local/airflow/dags/data_ingest_gcs.py
[2024-03-31T20:35:35.687+0000] {processor.py:183} INFO - Processing /usr/local/airflow/dags/data_ingest_gcs.py took 0.045 seconds
