[2024-04-01T07:11:45.776+0000] {taskinstance.py:1979} INFO - Dependencies all met for dep_context=non-requeueable deps ti=<TaskInstance: raw_parquet_to_gcs.repartition_parquet __airflow_temporary_run_2024-04-01T07:11:35.677847+00:00__ [queued]>
[2024-04-01T07:11:45.788+0000] {taskinstance.py:1979} INFO - Dependencies all met for dep_context=requeueable deps ti=<TaskInstance: raw_parquet_to_gcs.repartition_parquet __airflow_temporary_run_2024-04-01T07:11:35.677847+00:00__ [queued]>
[2024-04-01T07:11:45.788+0000] {taskinstance.py:2193} INFO - Starting attempt 1 of 1
[2024-04-01T07:11:45.808+0000] {taskinstance.py:2217} INFO - Executing <Task(SparkSubmitOperator): repartition_parquet> on 2024-04-01 00:00:00+00:00
[2024-04-01T07:11:45.817+0000] {standard_task_runner.py:60} INFO - Started process 17254 to run task
[2024-04-01T07:11:45.824+0000] {standard_task_runner.py:87} INFO - Running: ['airflow', 'tasks', 'run', 'raw_parquet_to_gcs', 'repartition_parquet', '__airflow_temporary_run_2024-04-01T07:11:35.677847+00:00__', '--job-id', '152', '--raw', '--subdir', 'DAGS_FOLDER/data_ingest_gcs.py', '--cfg-path', '/tmp/tmpttil47c4']
[2024-04-01T07:11:45.828+0000] {standard_task_runner.py:88} INFO - Job 152: Subtask repartition_parquet
[2024-04-01T07:11:45.897+0000] {task_command.py:423} INFO - Running <TaskInstance: raw_parquet_to_gcs.repartition_parquet __airflow_temporary_run_2024-04-01T07:11:35.677847+00:00__ [running]> on host b80f92e9e8b8
[2024-04-01T07:11:46.022+0000] {taskinstance.py:2513} INFO - Exporting env vars: AIRFLOW_CTX_DAG_OWNER='airflow' AIRFLOW_CTX_DAG_ID='raw_parquet_to_gcs' AIRFLOW_CTX_TASK_ID='repartition_parquet' AIRFLOW_CTX_EXECUTION_DATE='2024-04-01T00:00:00+00:00' AIRFLOW_CTX_TRY_NUMBER='1' AIRFLOW_CTX_DAG_RUN_ID='__airflow_temporary_run_2024-04-01T07:11:35.677847+00:00__'
[2024-04-01T07:11:46.050+0000] {base.py:83} INFO - Using connection ID 'spark_default' for task execution.
[2024-04-01T07:11:46.052+0000] {spark_submit.py:340} INFO - Spark-Submit cmd: spark-submit --master spark://master:4503 --num-executors 1 --total-executor-cores 1 --executor-memory 2g --driver-memory 2g --name arrow-spark /usr/local/airflow/include/spark_repartition_parquet_copy.py
[2024-04-01T07:11:51.505+0000] {spark_submit.py:491} INFO - 24/04/01 07:11:51 INFO SparkContext: Running Spark version 3.5.1
[2024-04-01T07:11:51.510+0000] {spark_submit.py:491} INFO - 24/04/01 07:11:51 INFO SparkContext: OS info Linux, 5.15.0-1053-gcp, amd64
[2024-04-01T07:11:51.512+0000] {spark_submit.py:491} INFO - 24/04/01 07:11:51 INFO SparkContext: Java version 11.0.22
[2024-04-01T07:11:51.648+0000] {spark_submit.py:491} INFO - 24/04/01 07:11:51 WARN NativeCodeLoader: Unable to load native-hadoop library for your platform... using builtin-java classes where applicable
[2024-04-01T07:11:51.861+0000] {spark_submit.py:491} INFO - 24/04/01 07:11:51 INFO ResourceUtils: ==============================================================
[2024-04-01T07:11:51.863+0000] {spark_submit.py:491} INFO - 24/04/01 07:11:51 INFO ResourceUtils: No custom resources configured for spark.driver.
[2024-04-01T07:11:51.864+0000] {spark_submit.py:491} INFO - 24/04/01 07:11:51 INFO ResourceUtils: ==============================================================
[2024-04-01T07:11:51.865+0000] {spark_submit.py:491} INFO - 24/04/01 07:11:51 INFO SparkContext: Submitted application: RepartitionApp
[2024-04-01T07:11:51.927+0000] {spark_submit.py:491} INFO - 24/04/01 07:11:51 INFO ResourceProfile: Default ResourceProfile created, executor resources: Map(cores -> name: cores, amount: 1, script: , vendor: , memory -> name: memory, amount: 2048, script: , vendor: , offHeap -> name: offHeap, amount: 0, script: , vendor: ), task resources: Map(cpus -> name: cpus, amount: 1.0)
[2024-04-01T07:11:51.958+0000] {spark_submit.py:491} INFO - 24/04/01 07:11:51 INFO ResourceProfile: Limiting resource is cpu
[2024-04-01T07:11:51.960+0000] {spark_submit.py:491} INFO - 24/04/01 07:11:51 INFO ResourceProfileManager: Added ResourceProfile id: 0
[2024-04-01T07:11:52.071+0000] {spark_submit.py:491} INFO - 24/04/01 07:11:52 INFO SecurityManager: Changing view acls to: astro
[2024-04-01T07:11:52.073+0000] {spark_submit.py:491} INFO - 24/04/01 07:11:52 INFO SecurityManager: Changing modify acls to: astro
[2024-04-01T07:11:52.075+0000] {spark_submit.py:491} INFO - 24/04/01 07:11:52 INFO SecurityManager: Changing view acls groups to:
[2024-04-01T07:11:52.076+0000] {spark_submit.py:491} INFO - 24/04/01 07:11:52 INFO SecurityManager: Changing modify acls groups to:
[2024-04-01T07:11:52.077+0000] {spark_submit.py:491} INFO - 24/04/01 07:11:52 INFO SecurityManager: SecurityManager: authentication disabled; ui acls disabled; users with view permissions: astro; groups with view permissions: EMPTY; users with modify permissions: astro; groups with modify permissions: EMPTY
[2024-04-01T07:11:53.075+0000] {spark_submit.py:491} INFO - 24/04/01 07:11:53 INFO Utils: Successfully started service 'sparkDriver' on port 35547.
[2024-04-01T07:11:53.147+0000] {spark_submit.py:491} INFO - 24/04/01 07:11:53 INFO SparkEnv: Registering MapOutputTracker
[2024-04-01T07:11:53.322+0000] {spark_submit.py:491} INFO - 24/04/01 07:11:53 INFO SparkEnv: Registering BlockManagerMaster
[2024-04-01T07:11:53.390+0000] {spark_submit.py:491} INFO - 24/04/01 07:11:53 INFO BlockManagerMasterEndpoint: Using org.apache.spark.storage.DefaultTopologyMapper for getting topology information
[2024-04-01T07:11:53.391+0000] {spark_submit.py:491} INFO - 24/04/01 07:11:53 INFO BlockManagerMasterEndpoint: BlockManagerMasterEndpoint up
[2024-04-01T07:11:53.408+0000] {spark_submit.py:491} INFO - 24/04/01 07:11:53 INFO SparkEnv: Registering BlockManagerMasterHeartbeat
[2024-04-01T07:11:53.488+0000] {spark_submit.py:491} INFO - 24/04/01 07:11:53 INFO DiskBlockManager: Created local directory at /tmp/blockmgr-cdb920b2-0d4b-4094-9b21-1022e61e47c6
[2024-04-01T07:11:53.517+0000] {spark_submit.py:491} INFO - 24/04/01 07:11:53 INFO MemoryStore: MemoryStore started with capacity 1048.8 MiB
[2024-04-01T07:11:53.561+0000] {spark_submit.py:491} INFO - 24/04/01 07:11:53 INFO SparkEnv: Registering OutputCommitCoordinator
[2024-04-01T07:11:53.995+0000] {spark_submit.py:491} INFO - 24/04/01 07:11:53 INFO JettyUtils: Start Jetty 0.0.0.0:4040 for SparkUI
[2024-04-01T07:11:54.178+0000] {spark_submit.py:491} INFO - 24/04/01 07:11:54 WARN Utils: Service 'SparkUI' could not bind on port 4040. Attempting port 4041.
[2024-04-01T07:11:54.198+0000] {spark_submit.py:491} INFO - 24/04/01 07:11:54 INFO Utils: Successfully started service 'SparkUI' on port 4041.
[2024-04-01T07:11:54.298+0000] {spark_submit.py:491} INFO - 24/04/01 07:11:54 INFO SparkContext: Added JAR /usr/local/airflow/include/lib/gcs-connector-hadoop3-latest.jar at spark://b80f92e9e8b8:35547/jars/gcs-connector-hadoop3-latest.jar with timestamp 1711955511474
[2024-04-01T07:11:54.482+0000] {spark_submit.py:491} INFO - 24/04/01 07:11:54 INFO Executor: Starting executor ID driver on host b80f92e9e8b8
[2024-04-01T07:11:54.485+0000] {spark_submit.py:491} INFO - 24/04/01 07:11:54 INFO Executor: OS info Linux, 5.15.0-1053-gcp, amd64
[2024-04-01T07:11:54.487+0000] {spark_submit.py:491} INFO - 24/04/01 07:11:54 INFO Executor: Java version 11.0.22
[2024-04-01T07:11:54.503+0000] {spark_submit.py:491} INFO - 24/04/01 07:11:54 INFO Executor: Starting executor with user classpath (userClassPathFirst = false): ''
[2024-04-01T07:11:54.506+0000] {spark_submit.py:491} INFO - 24/04/01 07:11:54 INFO Executor: Created or updated repl class loader org.apache.spark.util.MutableURLClassLoader@4a21d3ae for default.
[2024-04-01T07:11:54.535+0000] {spark_submit.py:491} INFO - 24/04/01 07:11:54 INFO Executor: Fetching spark://b80f92e9e8b8:35547/jars/gcs-connector-hadoop3-latest.jar with timestamp 1711955511474
[2024-04-01T07:11:54.742+0000] {spark_submit.py:491} INFO - 24/04/01 07:11:54 INFO TransportClientFactory: Successfully created connection to b80f92e9e8b8/172.27.0.4:35547 after 159 ms (0 ms spent in bootstraps)
[2024-04-01T07:11:54.776+0000] {spark_submit.py:491} INFO - 24/04/01 07:11:54 INFO Utils: Fetching spark://b80f92e9e8b8:35547/jars/gcs-connector-hadoop3-latest.jar to /tmp/spark-39610b41-cc17-488a-8b5a-fb35f3f423d1/userFiles-6c71b86b-a05d-4ae5-93e8-363f7ffb9e12/fetchFileTemp6171144989571833964.tmp
[2024-04-01T07:11:55.494+0000] {spark_submit.py:491} INFO - 24/04/01 07:11:55 INFO Executor: Adding file:/tmp/spark-39610b41-cc17-488a-8b5a-fb35f3f423d1/userFiles-6c71b86b-a05d-4ae5-93e8-363f7ffb9e12/gcs-connector-hadoop3-latest.jar to class loader default
[2024-04-01T07:11:55.518+0000] {spark_submit.py:491} INFO - 24/04/01 07:11:55 INFO Utils: Successfully started service 'org.apache.spark.network.netty.NettyBlockTransferService' on port 37003.
[2024-04-01T07:11:55.519+0000] {spark_submit.py:491} INFO - 24/04/01 07:11:55 INFO NettyBlockTransferService: Server created on b80f92e9e8b8:37003
[2024-04-01T07:11:55.522+0000] {spark_submit.py:491} INFO - 24/04/01 07:11:55 INFO BlockManager: Using org.apache.spark.storage.RandomBlockReplicationPolicy for block replication policy
[2024-04-01T07:11:55.533+0000] {spark_submit.py:491} INFO - 24/04/01 07:11:55 INFO BlockManagerMaster: Registering BlockManager BlockManagerId(driver, b80f92e9e8b8, 37003, None)
[2024-04-01T07:11:55.540+0000] {spark_submit.py:491} INFO - 24/04/01 07:11:55 INFO BlockManagerMasterEndpoint: Registering block manager b80f92e9e8b8:37003 with 1048.8 MiB RAM, BlockManagerId(driver, b80f92e9e8b8, 37003, None)
[2024-04-01T07:11:55.544+0000] {spark_submit.py:491} INFO - 24/04/01 07:11:55 INFO BlockManagerMaster: Registered BlockManager BlockManagerId(driver, b80f92e9e8b8, 37003, None)
[2024-04-01T07:11:55.547+0000] {spark_submit.py:491} INFO - 24/04/01 07:11:55 INFO BlockManager: Initialized BlockManager: BlockManagerId(driver, b80f92e9e8b8, 37003, None)
[2024-04-01T07:11:57.013+0000] {spark_submit.py:491} INFO - 24/04/01 07:11:57 INFO SharedState: Setting hive.metastore.warehouse.dir ('null') to the value of spark.sql.warehouse.dir.
[2024-04-01T07:11:57.028+0000] {spark_submit.py:491} INFO - 24/04/01 07:11:57 INFO SharedState: Warehouse path is 'file:/usr/local/airflow/spark-warehouse'.
[2024-04-01T07:11:58.538+0000] {spark_submit.py:491} INFO - 24/04/01 07:11:58 INFO InMemoryFileIndex: It took 73 ms to list leaf files for 1 paths.
[2024-04-01T07:12:00.467+0000] {spark_submit.py:491} INFO - Traceback (most recent call last):
[2024-04-01T07:12:00.468+0000] {spark_submit.py:491} INFO - File "/usr/local/airflow/include/spark_repartition_parquet_copy.py", line 258, in <module>
[2024-04-01T07:12:00.469+0000] {spark_submit.py:491} INFO - repartition_parquet_convert()
[2024-04-01T07:12:00.470+0000] {spark_submit.py:491} INFO - File "/usr/local/airflow/include/spark_repartition_parquet_copy.py", line 104, in repartition_parquet_convert
[2024-04-01T07:12:00.471+0000] {spark_submit.py:491} INFO - df_posting.repartition(10).write.parquet(f"{local_parquet}pq_job_postings/", mode="overwrite")
[2024-04-01T07:12:00.471+0000] {spark_submit.py:491} INFO - File "/opt/spark/python/lib/pyspark.zip/pyspark/sql/readwriter.py", line 1721, in parquet
[2024-04-01T07:12:00.472+0000] {spark_submit.py:491} INFO - File "/opt/spark/python/lib/py4j-0.10.9.7-src.zip/py4j/java_gateway.py", line 1322, in __call__
[2024-04-01T07:12:00.473+0000] {spark_submit.py:491} INFO - File "/opt/spark/python/lib/pyspark.zip/pyspark/errors/exceptions/captured.py", line 179, in deco
[2024-04-01T07:12:00.473+0000] {spark_submit.py:491} INFO - File "/opt/spark/python/lib/py4j-0.10.9.7-src.zip/py4j/protocol.py", line 326, in get_return_value
[2024-04-01T07:12:00.473+0000] {spark_submit.py:491} INFO - py4j.protocol.Py4JJavaError: An error occurred while calling o155.parquet.
[2024-04-01T07:12:00.474+0000] {spark_submit.py:491} INFO - : java.lang.RuntimeException: java.lang.ClassNotFoundException: Class com.google.cloud.hadoop.fs.gcs.GoogleHadoopFileSystem not found
[2024-04-01T07:12:00.474+0000] {spark_submit.py:491} INFO - at org.apache.hadoop.conf.Configuration.getClass(Configuration.java:2688)
[2024-04-01T07:12:00.475+0000] {spark_submit.py:491} INFO - at org.apache.hadoop.fs.FileSystem.getFileSystemClass(FileSystem.java:3431)
[2024-04-01T07:12:00.475+0000] {spark_submit.py:491} INFO - at org.apache.hadoop.fs.FileSystem.createFileSystem(FileSystem.java:3466)
[2024-04-01T07:12:00.476+0000] {spark_submit.py:491} INFO - at org.apache.hadoop.fs.FileSystem.access$300(FileSystem.java:174)
[2024-04-01T07:12:00.477+0000] {spark_submit.py:491} INFO - at org.apache.hadoop.fs.FileSystem$Cache.getInternal(FileSystem.java:3574)
[2024-04-01T07:12:00.478+0000] {spark_submit.py:491} INFO - at org.apache.hadoop.fs.FileSystem$Cache.get(FileSystem.java:3521)
[2024-04-01T07:12:00.478+0000] {spark_submit.py:491} INFO - at org.apache.hadoop.fs.FileSystem.get(FileSystem.java:540)
[2024-04-01T07:12:00.479+0000] {spark_submit.py:491} INFO - at org.apache.hadoop.fs.Path.getFileSystem(Path.java:365)
[2024-04-01T07:12:00.480+0000] {spark_submit.py:491} INFO - at org.apache.spark.sql.execution.datasources.DataSource.planForWritingFileFormat(DataSource.scala:454)
[2024-04-01T07:12:00.481+0000] {spark_submit.py:491} INFO - at org.apache.spark.sql.execution.datasources.DataSource.planForWriting(DataSource.scala:530)
[2024-04-01T07:12:00.482+0000] {spark_submit.py:491} INFO - at org.apache.spark.sql.DataFrameWriter.saveToV1Source(DataFrameWriter.scala:388)
[2024-04-01T07:12:00.482+0000] {spark_submit.py:491} INFO - at org.apache.spark.sql.DataFrameWriter.saveInternal(DataFrameWriter.scala:361)
[2024-04-01T07:12:00.483+0000] {spark_submit.py:491} INFO - at org.apache.spark.sql.DataFrameWriter.save(DataFrameWriter.scala:240)
[2024-04-01T07:12:00.484+0000] {spark_submit.py:491} INFO - at org.apache.spark.sql.DataFrameWriter.parquet(DataFrameWriter.scala:792)
[2024-04-01T07:12:00.485+0000] {spark_submit.py:491} INFO - at java.base/jdk.internal.reflect.NativeMethodAccessorImpl.invoke0(Native Method)
[2024-04-01T07:12:00.486+0000] {spark_submit.py:491} INFO - at java.base/jdk.internal.reflect.NativeMethodAccessorImpl.invoke(NativeMethodAccessorImpl.java:62)
[2024-04-01T07:12:00.486+0000] {spark_submit.py:491} INFO - at java.base/jdk.internal.reflect.DelegatingMethodAccessorImpl.invoke(DelegatingMethodAccessorImpl.java:43)
[2024-04-01T07:12:00.487+0000] {spark_submit.py:491} INFO - at java.base/java.lang.reflect.Method.invoke(Method.java:566)
[2024-04-01T07:12:00.488+0000] {spark_submit.py:491} INFO - at py4j.reflection.MethodInvoker.invoke(MethodInvoker.java:244)
[2024-04-01T07:12:00.488+0000] {spark_submit.py:491} INFO - at py4j.reflection.ReflectionEngine.invoke(ReflectionEngine.java:374)
[2024-04-01T07:12:00.489+0000] {spark_submit.py:491} INFO - at py4j.Gateway.invoke(Gateway.java:282)
[2024-04-01T07:12:00.489+0000] {spark_submit.py:491} INFO - at py4j.commands.AbstractCommand.invokeMethod(AbstractCommand.java:132)
[2024-04-01T07:12:00.489+0000] {spark_submit.py:491} INFO - at py4j.commands.CallCommand.execute(CallCommand.java:79)
[2024-04-01T07:12:00.490+0000] {spark_submit.py:491} INFO - at py4j.ClientServerConnection.waitForCommands(ClientServerConnection.java:182)
[2024-04-01T07:12:00.490+0000] {spark_submit.py:491} INFO - at py4j.ClientServerConnection.run(ClientServerConnection.java:106)
[2024-04-01T07:12:00.491+0000] {spark_submit.py:491} INFO - at java.base/java.lang.Thread.run(Thread.java:829)
[2024-04-01T07:12:00.491+0000] {spark_submit.py:491} INFO - Caused by: java.lang.ClassNotFoundException: Class com.google.cloud.hadoop.fs.gcs.GoogleHadoopFileSystem not found
[2024-04-01T07:12:00.492+0000] {spark_submit.py:491} INFO - at org.apache.hadoop.conf.Configuration.getClassByName(Configuration.java:2592)
[2024-04-01T07:12:00.492+0000] {spark_submit.py:491} INFO - at org.apache.hadoop.conf.Configuration.getClass(Configuration.java:2686)
[2024-04-01T07:12:00.493+0000] {spark_submit.py:491} INFO - ... 25 more
[2024-04-01T07:12:00.493+0000] {spark_submit.py:491} INFO - 
[2024-04-01T07:12:00.568+0000] {spark_submit.py:491} INFO - 24/04/01 07:12:00 INFO SparkContext: Invoking stop() from shutdown hook
[2024-04-01T07:12:00.570+0000] {spark_submit.py:491} INFO - 24/04/01 07:12:00 INFO SparkContext: SparkContext is stopping with exitCode 0.
[2024-04-01T07:12:00.587+0000] {spark_submit.py:491} INFO - 24/04/01 07:12:00 INFO SparkUI: Stopped Spark web UI at http://b80f92e9e8b8:4041
[2024-04-01T07:12:00.615+0000] {spark_submit.py:491} INFO - 24/04/01 07:12:00 INFO MapOutputTrackerMasterEndpoint: MapOutputTrackerMasterEndpoint stopped!
[2024-04-01T07:12:00.636+0000] {spark_submit.py:491} INFO - 24/04/01 07:12:00 INFO MemoryStore: MemoryStore cleared
[2024-04-01T07:12:00.638+0000] {spark_submit.py:491} INFO - 24/04/01 07:12:00 INFO BlockManager: BlockManager stopped
[2024-04-01T07:12:00.650+0000] {spark_submit.py:491} INFO - 24/04/01 07:12:00 INFO BlockManagerMaster: BlockManagerMaster stopped
[2024-04-01T07:12:00.657+0000] {spark_submit.py:491} INFO - 24/04/01 07:12:00 INFO OutputCommitCoordinator$OutputCommitCoordinatorEndpoint: OutputCommitCoordinator stopped!
[2024-04-01T07:12:00.683+0000] {spark_submit.py:491} INFO - 24/04/01 07:12:00 INFO SparkContext: Successfully stopped SparkContext
[2024-04-01T07:12:00.684+0000] {spark_submit.py:491} INFO - 24/04/01 07:12:00 INFO ShutdownHookManager: Shutdown hook called
[2024-04-01T07:12:00.685+0000] {spark_submit.py:491} INFO - 24/04/01 07:12:00 INFO ShutdownHookManager: Deleting directory /tmp/spark-39610b41-cc17-488a-8b5a-fb35f3f423d1/pyspark-bc7bce9c-ae89-4960-9823-f08caad776c0
[2024-04-01T07:12:00.692+0000] {spark_submit.py:491} INFO - 24/04/01 07:12:00 INFO ShutdownHookManager: Deleting directory /tmp/spark-39610b41-cc17-488a-8b5a-fb35f3f423d1
[2024-04-01T07:12:00.698+0000] {spark_submit.py:491} INFO - 24/04/01 07:12:00 INFO ShutdownHookManager: Deleting directory /tmp/spark-0d31802e-ca5c-4696-9584-a8e0dbce37e5
[2024-04-01T07:12:00.789+0000] {taskinstance.py:2731} ERROR - Task failed with exception
Traceback (most recent call last):
  File "/usr/local/lib/python3.11/site-packages/airflow/models/taskinstance.py", line 444, in _execute_task
    result = _execute_callable(context=context, **execute_callable_kwargs)
             ^^^^^^^^^^^^^^^^^^^^^^^^^^^^^^^^^^^^^^^^^^^^^^^^^^^^^^^^^^^^^
  File "/usr/local/lib/python3.11/site-packages/airflow/models/taskinstance.py", line 414, in _execute_callable
    return execute_callable(context=context, **execute_callable_kwargs)
           ^^^^^^^^^^^^^^^^^^^^^^^^^^^^^^^^^^^^^^^^^^^^^^^^^^^^^^^^^^^^
  File "/usr/local/lib/python3.11/site-packages/airflow/providers/apache/spark/operators/spark_submit.py", line 156, in execute
    self._hook.submit(self._application)
  File "/usr/local/lib/python3.11/site-packages/airflow/providers/apache/spark/hooks/spark_submit.py", line 422, in submit
    raise AirflowException(
airflow.exceptions.AirflowException: Cannot execute: spark-submit --master spark://master:4503 --num-executors 1 --total-executor-cores 1 --executor-memory 2g --driver-memory 2g --name arrow-spark /usr/local/airflow/include/spark_repartition_parquet_copy.py. Error code is: 1.
[2024-04-01T07:12:00.795+0000] {taskinstance.py:1149} INFO - Marking task as FAILED. dag_id=raw_parquet_to_gcs, task_id=repartition_parquet, execution_date=20240401T000000, start_date=20240401T071145, end_date=20240401T071200
[2024-04-01T07:12:00.816+0000] {standard_task_runner.py:107} ERROR - Failed to execute job 152 for task repartition_parquet ((psycopg2.errors.ForeignKeyViolation) insert or update on table "task_fail" violates foreign key constraint "task_fail_ti_fkey"
DETAIL:  Key (dag_id, task_id, run_id, map_index)=(raw_parquet_to_gcs, repartition_parquet, __airflow_temporary_run_2024-04-01T07:11:35.677847+00:00__, -1) is not present in table "task_instance".

[SQL: INSERT INTO task_fail (task_id, dag_id, run_id, map_index, start_date, end_date, duration) VALUES (%(task_id)s, %(dag_id)s, %(run_id)s, %(map_index)s, %(start_date)s, %(end_date)s, %(duration)s) RETURNING task_fail.id]
[parameters: {'task_id': 'repartition_parquet', 'dag_id': 'raw_parquet_to_gcs', 'run_id': '__airflow_temporary_run_2024-04-01T07:11:35.677847+00:00__', 'map_index': -1, 'start_date': datetime.datetime(2024, 4, 1, 7, 11, 45, 776597, tzinfo=Timezone('UTC')), 'end_date': datetime.datetime(2024, 4, 1, 7, 12, 0, 794227, tzinfo=Timezone('UTC')), 'duration': 15}]
(Background on this error at: https://sqlalche.me/e/14/gkpj); 17254)
[2024-04-01T07:12:00.857+0000] {local_task_job_runner.py:234} INFO - Task exited with return code 1
