[2024-03-31T09:23:54.454+0000] {taskinstance.py:1979} INFO - Dependencies all met for dep_context=non-requeueable deps ti=<TaskInstance: data_parquet_gcs.repartition_parquet __airflow_temporary_run_2024-03-31T09:23:52.153342+00:00__ [queued]>
[2024-03-31T09:23:54.466+0000] {taskinstance.py:1979} INFO - Dependencies all met for dep_context=requeueable deps ti=<TaskInstance: data_parquet_gcs.repartition_parquet __airflow_temporary_run_2024-03-31T09:23:52.153342+00:00__ [queued]>
[2024-03-31T09:23:54.467+0000] {taskinstance.py:2193} INFO - Starting attempt 1 of 1
[2024-03-31T09:23:54.484+0000] {taskinstance.py:2217} INFO - Executing <Task(SparkSubmitOperator): repartition_parquet> on 2024-03-31 00:00:00+00:00
[2024-03-31T09:23:54.494+0000] {standard_task_runner.py:60} INFO - Started process 467 to run task
[2024-03-31T09:23:54.499+0000] {standard_task_runner.py:87} INFO - Running: ['airflow', 'tasks', 'run', 'data_parquet_gcs', 'repartition_parquet', '__airflow_temporary_run_2024-03-31T09:23:52.153342+00:00__', '--job-id', '76', '--raw', '--subdir', 'DAGS_FOLDER/dataset_prepare_gcs.py', '--cfg-path', '/tmp/tmpqi_trhce']
[2024-03-31T09:23:54.503+0000] {standard_task_runner.py:88} INFO - Job 76: Subtask repartition_parquet
[2024-03-31T09:23:54.591+0000] {task_command.py:423} INFO - Running <TaskInstance: data_parquet_gcs.repartition_parquet __airflow_temporary_run_2024-03-31T09:23:52.153342+00:00__ [running]> on host dfc758114148
[2024-03-31T09:23:54.712+0000] {taskinstance.py:2513} INFO - Exporting env vars: AIRFLOW_CTX_DAG_OWNER='airflow' AIRFLOW_CTX_DAG_ID='data_parquet_gcs' AIRFLOW_CTX_TASK_ID='repartition_parquet' AIRFLOW_CTX_EXECUTION_DATE='2024-03-31T00:00:00+00:00' AIRFLOW_CTX_TRY_NUMBER='1' AIRFLOW_CTX_DAG_RUN_ID='__airflow_temporary_run_2024-03-31T09:23:52.153342+00:00__'
[2024-03-31T09:23:54.748+0000] {base.py:83} INFO - Using connection ID 'spark_default' for task execution.
[2024-03-31T09:23:54.750+0000] {spark_submit.py:340} INFO - Spark-Submit cmd: spark-submit --master spark://master:4503 --num-executors 1 --total-executor-cores 1 --executor-memory 2g --driver-memory 2g --name arrow-spark /usr/local/airflow/include/spark_repartition_parquet.py
[2024-03-31T09:23:58.994+0000] {spark_submit.py:491} INFO - 24/03/31 09:23:58 INFO SparkContext: Running Spark version 3.5.1
[2024-03-31T09:23:58.999+0000] {spark_submit.py:491} INFO - 24/03/31 09:23:58 INFO SparkContext: OS info Linux, 5.15.0-1053-gcp, amd64
[2024-03-31T09:23:59.000+0000] {spark_submit.py:491} INFO - 24/03/31 09:23:59 INFO SparkContext: Java version 11.0.22
[2024-03-31T09:23:59.092+0000] {spark_submit.py:491} INFO - 24/03/31 09:23:59 WARN NativeCodeLoader: Unable to load native-hadoop library for your platform... using builtin-java classes where applicable
[2024-03-31T09:23:59.237+0000] {spark_submit.py:491} INFO - 24/03/31 09:23:59 INFO ResourceUtils: ==============================================================
[2024-03-31T09:23:59.239+0000] {spark_submit.py:491} INFO - 24/03/31 09:23:59 INFO ResourceUtils: No custom resources configured for spark.driver.
[2024-03-31T09:23:59.240+0000] {spark_submit.py:491} INFO - 24/03/31 09:23:59 INFO ResourceUtils: ==============================================================
[2024-03-31T09:23:59.241+0000] {spark_submit.py:491} INFO - 24/03/31 09:23:59 INFO SparkContext: Submitted application: repartition_spark
[2024-03-31T09:23:59.287+0000] {spark_submit.py:491} INFO - 24/03/31 09:23:59 INFO ResourceProfile: Default ResourceProfile created, executor resources: Map(cores -> name: cores, amount: 1, script: , vendor: , memory -> name: memory, amount: 2048, script: , vendor: , offHeap -> name: offHeap, amount: 0, script: , vendor: ), task resources: Map(cpus -> name: cpus, amount: 1.0)
[2024-03-31T09:23:59.308+0000] {spark_submit.py:491} INFO - 24/03/31 09:23:59 INFO ResourceProfile: Limiting resource is cpu
[2024-03-31T09:23:59.310+0000] {spark_submit.py:491} INFO - 24/03/31 09:23:59 INFO ResourceProfileManager: Added ResourceProfile id: 0
[2024-03-31T09:23:59.397+0000] {spark_submit.py:491} INFO - 24/03/31 09:23:59 INFO SecurityManager: Changing view acls to: astro
[2024-03-31T09:23:59.399+0000] {spark_submit.py:491} INFO - 24/03/31 09:23:59 INFO SecurityManager: Changing modify acls to: astro
[2024-03-31T09:23:59.400+0000] {spark_submit.py:491} INFO - 24/03/31 09:23:59 INFO SecurityManager: Changing view acls groups to:
[2024-03-31T09:23:59.401+0000] {spark_submit.py:491} INFO - 24/03/31 09:23:59 INFO SecurityManager: Changing modify acls groups to:
[2024-03-31T09:23:59.403+0000] {spark_submit.py:491} INFO - 24/03/31 09:23:59 INFO SecurityManager: SecurityManager: authentication disabled; ui acls disabled; users with view permissions: astro; groups with view permissions: EMPTY; users with modify permissions: astro; groups with modify permissions: EMPTY
[2024-03-31T09:23:59.967+0000] {spark_submit.py:491} INFO - 24/03/31 09:23:59 INFO Utils: Successfully started service 'sparkDriver' on port 43699.
[2024-03-31T09:24:00.030+0000] {spark_submit.py:491} INFO - 24/03/31 09:24:00 INFO SparkEnv: Registering MapOutputTracker
[2024-03-31T09:24:00.090+0000] {spark_submit.py:491} INFO - 24/03/31 09:24:00 INFO SparkEnv: Registering BlockManagerMaster
[2024-03-31T09:24:00.116+0000] {spark_submit.py:491} INFO - 24/03/31 09:24:00 INFO BlockManagerMasterEndpoint: Using org.apache.spark.storage.DefaultTopologyMapper for getting topology information
[2024-03-31T09:24:00.117+0000] {spark_submit.py:491} INFO - 24/03/31 09:24:00 INFO BlockManagerMasterEndpoint: BlockManagerMasterEndpoint up
[2024-03-31T09:24:00.123+0000] {spark_submit.py:491} INFO - 24/03/31 09:24:00 INFO SparkEnv: Registering BlockManagerMasterHeartbeat
[2024-03-31T09:24:00.159+0000] {spark_submit.py:491} INFO - 24/03/31 09:24:00 INFO DiskBlockManager: Created local directory at /tmp/blockmgr-d72af5e8-c6e5-4acf-8a25-5a1072e1fbb5
[2024-03-31T09:24:00.180+0000] {spark_submit.py:491} INFO - 24/03/31 09:24:00 INFO MemoryStore: MemoryStore started with capacity 1048.8 MiB
[2024-03-31T09:24:00.202+0000] {spark_submit.py:491} INFO - 24/03/31 09:24:00 INFO SparkEnv: Registering OutputCommitCoordinator
[2024-03-31T09:24:00.412+0000] {spark_submit.py:491} INFO - 24/03/31 09:24:00 INFO JettyUtils: Start Jetty 0.0.0.0:4040 for SparkUI
[2024-03-31T09:24:00.494+0000] {spark_submit.py:491} INFO - 24/03/31 09:24:00 INFO Utils: Successfully started service 'SparkUI' on port 4040.
[2024-03-31T09:24:00.639+0000] {spark_submit.py:491} INFO - 24/03/31 09:24:00 INFO Executor: Starting executor ID driver on host dfc758114148
[2024-03-31T09:24:00.639+0000] {spark_submit.py:491} INFO - 24/03/31 09:24:00 INFO Executor: OS info Linux, 5.15.0-1053-gcp, amd64
[2024-03-31T09:24:00.640+0000] {spark_submit.py:491} INFO - 24/03/31 09:24:00 INFO Executor: Java version 11.0.22
[2024-03-31T09:24:00.650+0000] {spark_submit.py:491} INFO - 24/03/31 09:24:00 INFO Executor: Starting executor with user classpath (userClassPathFirst = false): ''
[2024-03-31T09:24:00.650+0000] {spark_submit.py:491} INFO - 24/03/31 09:24:00 INFO Executor: Created or updated repl class loader org.apache.spark.util.MutableURLClassLoader@42cc9fe6 for default.
[2024-03-31T09:24:00.681+0000] {spark_submit.py:491} INFO - 24/03/31 09:24:00 INFO Utils: Successfully started service 'org.apache.spark.network.netty.NettyBlockTransferService' on port 40149.
[2024-03-31T09:24:00.682+0000] {spark_submit.py:491} INFO - 24/03/31 09:24:00 INFO NettyBlockTransferService: Server created on dfc758114148:40149
[2024-03-31T09:24:00.684+0000] {spark_submit.py:491} INFO - 24/03/31 09:24:00 INFO BlockManager: Using org.apache.spark.storage.RandomBlockReplicationPolicy for block replication policy
[2024-03-31T09:24:00.692+0000] {spark_submit.py:491} INFO - 24/03/31 09:24:00 INFO BlockManagerMaster: Registering BlockManager BlockManagerId(driver, dfc758114148, 40149, None)
[2024-03-31T09:24:00.699+0000] {spark_submit.py:491} INFO - 24/03/31 09:24:00 INFO BlockManagerMasterEndpoint: Registering block manager dfc758114148:40149 with 1048.8 MiB RAM, BlockManagerId(driver, dfc758114148, 40149, None)
[2024-03-31T09:24:00.702+0000] {spark_submit.py:491} INFO - 24/03/31 09:24:00 INFO BlockManagerMaster: Registered BlockManager BlockManagerId(driver, dfc758114148, 40149, None)
[2024-03-31T09:24:00.704+0000] {spark_submit.py:491} INFO - 24/03/31 09:24:00 INFO BlockManager: Initialized BlockManager: BlockManagerId(driver, dfc758114148, 40149, None)
[2024-03-31T09:24:01.455+0000] {spark_submit.py:491} INFO - 24/03/31 09:24:01 INFO SharedState: Setting hive.metastore.warehouse.dir ('null') to the value of spark.sql.warehouse.dir.
[2024-03-31T09:24:01.466+0000] {spark_submit.py:491} INFO - 24/03/31 09:24:01 INFO SharedState: Warehouse path is 'file:/usr/local/airflow/spark-warehouse'.
[2024-03-31T09:24:03.105+0000] {spark_submit.py:491} INFO - 24/03/31 09:24:03 INFO InMemoryFileIndex: It took 92 ms to list leaf files for 1 paths.
[2024-03-31T09:24:04.648+0000] {local_task_job_runner.py:302} WARNING - State of this instance has been externally set to None. Terminating instance.
[2024-03-31T09:24:04.658+0000] {process_utils.py:131} INFO - Sending 15 to group 467. PIDs of all processes in the group: [468, 517, 467]
[2024-03-31T09:24:04.659+0000] {process_utils.py:86} INFO - Sending the signal 15 to group 467
[2024-03-31T09:24:04.660+0000] {taskinstance.py:2483} ERROR - Received SIGTERM. Terminating subprocesses.
[2024-03-31T09:24:04.660+0000] {spark_submit.py:618} INFO - Sending kill signal to spark-submit
[2024-03-31T09:24:04.674+0000] {taskinstance.py:2731} ERROR - Task failed with exception
Traceback (most recent call last):
  File "/usr/local/lib/python3.11/site-packages/airflow/models/taskinstance.py", line 444, in _execute_task
    result = _execute_callable(context=context, **execute_callable_kwargs)
             ^^^^^^^^^^^^^^^^^^^^^^^^^^^^^^^^^^^^^^^^^^^^^^^^^^^^^^^^^^^^^
  File "/usr/local/lib/python3.11/site-packages/airflow/models/taskinstance.py", line 414, in _execute_callable
    return execute_callable(context=context, **execute_callable_kwargs)
           ^^^^^^^^^^^^^^^^^^^^^^^^^^^^^^^^^^^^^^^^^^^^^^^^^^^^^^^^^^^^
  File "/usr/local/lib/python3.11/site-packages/airflow/providers/apache/spark/operators/spark_submit.py", line 156, in execute
    self._hook.submit(self._application)
  File "/usr/local/lib/python3.11/site-packages/airflow/providers/apache/spark/hooks/spark_submit.py", line 410, in submit
    self._process_spark_submit_log(iter(self._submit_sp.stdout))  # type: ignore
    ^^^^^^^^^^^^^^^^^^^^^^^^^^^^^^^^^^^^^^^^^^^^^^^^^^^^^^^^^^^^
  File "/usr/local/lib/python3.11/site-packages/airflow/providers/apache/spark/hooks/spark_submit.py", line 459, in _process_spark_submit_log
    for line in itr:
  File "/usr/local/lib/python3.11/site-packages/airflow/models/taskinstance.py", line 2485, in signal_handler
    raise AirflowException("Task received SIGTERM signal")
airflow.exceptions.AirflowException: Task received SIGTERM signal
[2024-03-31T09:24:04.684+0000] {taskinstance.py:1149} INFO - Marking task as FAILED. dag_id=data_parquet_gcs, task_id=repartition_parquet, execution_date=20240331T000000, start_date=20240331T092354, end_date=20240331T092404
[2024-03-31T09:24:04.704+0000] {standard_task_runner.py:107} ERROR - Failed to execute job 76 for task repartition_parquet ((psycopg2.errors.ForeignKeyViolation) insert or update on table "task_fail" violates foreign key constraint "task_fail_ti_fkey"
DETAIL:  Key (dag_id, task_id, run_id, map_index)=(data_parquet_gcs, repartition_parquet, __airflow_temporary_run_2024-03-31T09:23:52.153342+00:00__, -1) is not present in table "task_instance".

[SQL: INSERT INTO task_fail (task_id, dag_id, run_id, map_index, start_date, end_date, duration) VALUES (%(task_id)s, %(dag_id)s, %(run_id)s, %(map_index)s, %(start_date)s, %(end_date)s, %(duration)s) RETURNING task_fail.id]
[parameters: {'task_id': 'repartition_parquet', 'dag_id': 'data_parquet_gcs', 'run_id': '__airflow_temporary_run_2024-03-31T09:23:52.153342+00:00__', 'map_index': -1, 'start_date': datetime.datetime(2024, 3, 31, 9, 23, 54, 455175, tzinfo=Timezone('UTC')), 'end_date': datetime.datetime(2024, 3, 31, 9, 24, 4, 683199, tzinfo=Timezone('UTC')), 'duration': 10}]
(Background on this error at: https://sqlalche.me/e/14/gkpj); 467)
[2024-03-31T09:24:04.716+0000] {process_utils.py:79} INFO - Process psutil.Process(pid=517, status='terminated', started='09:23:57') (517) terminated with exit code None
[2024-03-31T09:24:04.721+0000] {process_utils.py:79} INFO - Process psutil.Process(pid=468, status='terminated', started='09:23:54') (468) terminated with exit code None
[2024-03-31T09:24:04.721+0000] {process_utils.py:79} INFO - Process psutil.Process(pid=467, status='terminated', exitcode=1, started='09:23:54') (467) terminated with exit code 1
