[2024-03-31T17:48:04.980+0000] {taskinstance.py:1979} INFO - Dependencies all met for dep_context=non-requeueable deps ti=<TaskInstance: data_parquet_gcs.repartition_parquet manual__2024-03-31T17:48:04.262767+00:00 [queued]>
[2024-03-31T17:48:04.991+0000] {taskinstance.py:1979} INFO - Dependencies all met for dep_context=requeueable deps ti=<TaskInstance: data_parquet_gcs.repartition_parquet manual__2024-03-31T17:48:04.262767+00:00 [queued]>
[2024-03-31T17:48:04.991+0000] {taskinstance.py:2193} INFO - Starting attempt 1 of 1
[2024-03-31T17:48:05.007+0000] {taskinstance.py:2217} INFO - Executing <Task(SparkSubmitOperator): repartition_parquet> on 2024-03-31 17:48:04.262767+00:00
[2024-03-31T17:48:05.016+0000] {standard_task_runner.py:60} INFO - Started process 810 to run task
[2024-03-31T17:48:05.021+0000] {standard_task_runner.py:87} INFO - Running: ['airflow', 'tasks', 'run', 'data_parquet_gcs', 'repartition_parquet', 'manual__2024-03-31T17:48:04.262767+00:00', '--job-id', '82', '--raw', '--subdir', 'DAGS_FOLDER/dataset_prepare_gcs.py', '--cfg-path', '/tmp/tmp8r56rt4z']
[2024-03-31T17:48:05.025+0000] {standard_task_runner.py:88} INFO - Job 82: Subtask repartition_parquet
[2024-03-31T17:48:05.088+0000] {task_command.py:423} INFO - Running <TaskInstance: data_parquet_gcs.repartition_parquet manual__2024-03-31T17:48:04.262767+00:00 [running]> on host d1dbed01df62
[2024-03-31T17:48:05.200+0000] {taskinstance.py:2513} INFO - Exporting env vars: AIRFLOW_CTX_DAG_OWNER='airflow' AIRFLOW_CTX_DAG_ID='data_parquet_gcs' AIRFLOW_CTX_TASK_ID='repartition_parquet' AIRFLOW_CTX_EXECUTION_DATE='2024-03-31T17:48:04.262767+00:00' AIRFLOW_CTX_TRY_NUMBER='1' AIRFLOW_CTX_DAG_RUN_ID='manual__2024-03-31T17:48:04.262767+00:00'
[2024-03-31T17:48:05.229+0000] {base.py:83} INFO - Using connection ID 'spark_default' for task execution.
[2024-03-31T17:48:05.230+0000] {spark_submit.py:340} INFO - Spark-Submit cmd: spark-submit --master spark://master:4503 --num-executors 1 --total-executor-cores 1 --executor-memory 2g --driver-memory 2g --name arrow-spark /usr/local/airflow/include/spark_repartition_parquet.py
[2024-03-31T17:48:10.001+0000] {spark_submit.py:491} INFO - 24/03/31 17:48:09 INFO SparkContext: Running Spark version 3.5.1
[2024-03-31T17:48:10.006+0000] {spark_submit.py:491} INFO - 24/03/31 17:48:10 INFO SparkContext: OS info Linux, 5.15.0-1053-gcp, amd64
[2024-03-31T17:48:10.008+0000] {spark_submit.py:491} INFO - 24/03/31 17:48:10 INFO SparkContext: Java version 11.0.22
[2024-03-31T17:48:10.137+0000] {spark_submit.py:491} INFO - 24/03/31 17:48:10 WARN NativeCodeLoader: Unable to load native-hadoop library for your platform... using builtin-java classes where applicable
[2024-03-31T17:48:10.325+0000] {spark_submit.py:491} INFO - 24/03/31 17:48:10 INFO ResourceUtils: ==============================================================
[2024-03-31T17:48:10.326+0000] {spark_submit.py:491} INFO - 24/03/31 17:48:10 INFO ResourceUtils: No custom resources configured for spark.driver.
[2024-03-31T17:48:10.327+0000] {spark_submit.py:491} INFO - 24/03/31 17:48:10 INFO ResourceUtils: ==============================================================
[2024-03-31T17:48:10.328+0000] {spark_submit.py:491} INFO - 24/03/31 17:48:10 INFO SparkContext: Submitted application: repartition_spark
[2024-03-31T17:48:10.369+0000] {spark_submit.py:491} INFO - 24/03/31 17:48:10 INFO ResourceProfile: Default ResourceProfile created, executor resources: Map(cores -> name: cores, amount: 1, script: , vendor: , memory -> name: memory, amount: 2048, script: , vendor: , offHeap -> name: offHeap, amount: 0, script: , vendor: ), task resources: Map(cpus -> name: cpus, amount: 1.0)
[2024-03-31T17:48:10.390+0000] {spark_submit.py:491} INFO - 24/03/31 17:48:10 INFO ResourceProfile: Limiting resource is cpu
[2024-03-31T17:48:10.392+0000] {spark_submit.py:491} INFO - 24/03/31 17:48:10 INFO ResourceProfileManager: Added ResourceProfile id: 0
[2024-03-31T17:48:10.496+0000] {spark_submit.py:491} INFO - 24/03/31 17:48:10 INFO SecurityManager: Changing view acls to: astro
[2024-03-31T17:48:10.497+0000] {spark_submit.py:491} INFO - 24/03/31 17:48:10 INFO SecurityManager: Changing modify acls to: astro
[2024-03-31T17:48:10.499+0000] {spark_submit.py:491} INFO - 24/03/31 17:48:10 INFO SecurityManager: Changing view acls groups to:
[2024-03-31T17:48:10.500+0000] {spark_submit.py:491} INFO - 24/03/31 17:48:10 INFO SecurityManager: Changing modify acls groups to:
[2024-03-31T17:48:10.502+0000] {spark_submit.py:491} INFO - 24/03/31 17:48:10 INFO SecurityManager: SecurityManager: authentication disabled; ui acls disabled; users with view permissions: astro; groups with view permissions: EMPTY; users with modify permissions: astro; groups with modify permissions: EMPTY
[2024-03-31T17:48:11.074+0000] {spark_submit.py:491} INFO - 24/03/31 17:48:11 INFO Utils: Successfully started service 'sparkDriver' on port 35777.
[2024-03-31T17:48:11.117+0000] {spark_submit.py:491} INFO - 24/03/31 17:48:11 INFO SparkEnv: Registering MapOutputTracker
[2024-03-31T17:48:11.167+0000] {spark_submit.py:491} INFO - 24/03/31 17:48:11 INFO SparkEnv: Registering BlockManagerMaster
[2024-03-31T17:48:11.202+0000] {spark_submit.py:491} INFO - 24/03/31 17:48:11 INFO BlockManagerMasterEndpoint: Using org.apache.spark.storage.DefaultTopologyMapper for getting topology information
[2024-03-31T17:48:11.204+0000] {spark_submit.py:491} INFO - 24/03/31 17:48:11 INFO BlockManagerMasterEndpoint: BlockManagerMasterEndpoint up
[2024-03-31T17:48:11.211+0000] {spark_submit.py:491} INFO - 24/03/31 17:48:11 INFO SparkEnv: Registering BlockManagerMasterHeartbeat
[2024-03-31T17:48:11.245+0000] {spark_submit.py:491} INFO - 24/03/31 17:48:11 INFO DiskBlockManager: Created local directory at /tmp/blockmgr-8392b8b4-6661-4914-b86b-6d40f29bc065
[2024-03-31T17:48:11.266+0000] {spark_submit.py:491} INFO - 24/03/31 17:48:11 INFO MemoryStore: MemoryStore started with capacity 1048.8 MiB
[2024-03-31T17:48:11.293+0000] {spark_submit.py:491} INFO - 24/03/31 17:48:11 INFO SparkEnv: Registering OutputCommitCoordinator
[2024-03-31T17:48:11.535+0000] {spark_submit.py:491} INFO - 24/03/31 17:48:11 INFO JettyUtils: Start Jetty 0.0.0.0:4040 for SparkUI
[2024-03-31T17:48:11.628+0000] {spark_submit.py:491} INFO - 24/03/31 17:48:11 INFO Utils: Successfully started service 'SparkUI' on port 4040.
[2024-03-31T17:48:11.796+0000] {spark_submit.py:491} INFO - 24/03/31 17:48:11 INFO Executor: Starting executor ID driver on host d1dbed01df62
[2024-03-31T17:48:11.796+0000] {spark_submit.py:491} INFO - 24/03/31 17:48:11 INFO Executor: OS info Linux, 5.15.0-1053-gcp, amd64
[2024-03-31T17:48:11.797+0000] {spark_submit.py:491} INFO - 24/03/31 17:48:11 INFO Executor: Java version 11.0.22
[2024-03-31T17:48:11.807+0000] {spark_submit.py:491} INFO - 24/03/31 17:48:11 INFO Executor: Starting executor with user classpath (userClassPathFirst = false): ''
[2024-03-31T17:48:11.808+0000] {spark_submit.py:491} INFO - 24/03/31 17:48:11 INFO Executor: Created or updated repl class loader org.apache.spark.util.MutableURLClassLoader@3f074e79 for default.
[2024-03-31T17:48:11.844+0000] {spark_submit.py:491} INFO - 24/03/31 17:48:11 INFO Utils: Successfully started service 'org.apache.spark.network.netty.NettyBlockTransferService' on port 42227.
[2024-03-31T17:48:11.845+0000] {spark_submit.py:491} INFO - 24/03/31 17:48:11 INFO NettyBlockTransferService: Server created on d1dbed01df62:42227
[2024-03-31T17:48:11.847+0000] {spark_submit.py:491} INFO - 24/03/31 17:48:11 INFO BlockManager: Using org.apache.spark.storage.RandomBlockReplicationPolicy for block replication policy
[2024-03-31T17:48:11.856+0000] {spark_submit.py:491} INFO - 24/03/31 17:48:11 INFO BlockManagerMaster: Registering BlockManager BlockManagerId(driver, d1dbed01df62, 42227, None)
[2024-03-31T17:48:11.863+0000] {spark_submit.py:491} INFO - 24/03/31 17:48:11 INFO BlockManagerMasterEndpoint: Registering block manager d1dbed01df62:42227 with 1048.8 MiB RAM, BlockManagerId(driver, d1dbed01df62, 42227, None)
[2024-03-31T17:48:11.866+0000] {spark_submit.py:491} INFO - 24/03/31 17:48:11 INFO BlockManagerMaster: Registered BlockManager BlockManagerId(driver, d1dbed01df62, 42227, None)
[2024-03-31T17:48:11.868+0000] {spark_submit.py:491} INFO - 24/03/31 17:48:11 INFO BlockManager: Initialized BlockManager: BlockManagerId(driver, d1dbed01df62, 42227, None)
[2024-03-31T17:48:12.640+0000] {spark_submit.py:491} INFO - 24/03/31 17:48:12 INFO SharedState: Setting hive.metastore.warehouse.dir ('null') to the value of spark.sql.warehouse.dir.
[2024-03-31T17:48:12.651+0000] {spark_submit.py:491} INFO - 24/03/31 17:48:12 INFO SharedState: Warehouse path is 'file:/usr/local/airflow/spark-warehouse'.
[2024-03-31T17:48:15.056+0000] {spark_submit.py:491} INFO - Traceback (most recent call last):
[2024-03-31T17:48:15.057+0000] {spark_submit.py:491} INFO - File "/usr/local/airflow/include/spark_repartition_parquet.py", line 86, in <module>
[2024-03-31T17:48:15.058+0000] {spark_submit.py:491} INFO - repartition_parquet_convert(input_dataset_path, output_dataset_path)
[2024-03-31T17:48:15.058+0000] {spark_submit.py:491} INFO - File "/usr/local/airflow/include/spark_repartition_parquet.py", line 63, in repartition_parquet_convert
[2024-03-31T17:48:15.058+0000] {spark_submit.py:491} INFO - .csv(input_path)
[2024-03-31T17:48:15.059+0000] {spark_submit.py:491} INFO - ^^^^^^^^^^^^^^^
[2024-03-31T17:48:15.060+0000] {spark_submit.py:491} INFO - File "/opt/spark/python/lib/pyspark.zip/pyspark/sql/readwriter.py", line 740, in csv
[2024-03-31T17:48:15.060+0000] {spark_submit.py:491} INFO - File "/opt/spark/python/lib/py4j-0.10.9.7-src.zip/py4j/java_gateway.py", line 1322, in __call__
[2024-03-31T17:48:15.060+0000] {spark_submit.py:491} INFO - File "/opt/spark/python/lib/pyspark.zip/pyspark/errors/exceptions/captured.py", line 185, in deco
[2024-03-31T17:48:15.069+0000] {spark_submit.py:491} INFO - pyspark.errors.exceptions.captured.AnalysisException: [PATH_NOT_FOUND] Path does not exist: file:/usr/local/airflow/include/dataset/raw/job_postings.csv.
[2024-03-31T17:48:15.186+0000] {spark_submit.py:491} INFO - 24/03/31 17:48:15 INFO SparkContext: Invoking stop() from shutdown hook
[2024-03-31T17:48:15.187+0000] {spark_submit.py:491} INFO - 24/03/31 17:48:15 INFO SparkContext: SparkContext is stopping with exitCode 0.
[2024-03-31T17:48:15.205+0000] {spark_submit.py:491} INFO - 24/03/31 17:48:15 INFO SparkUI: Stopped Spark web UI at http://d1dbed01df62:4040
[2024-03-31T17:48:15.230+0000] {spark_submit.py:491} INFO - 24/03/31 17:48:15 INFO MapOutputTrackerMasterEndpoint: MapOutputTrackerMasterEndpoint stopped!
[2024-03-31T17:48:15.250+0000] {spark_submit.py:491} INFO - 24/03/31 17:48:15 INFO MemoryStore: MemoryStore cleared
[2024-03-31T17:48:15.251+0000] {spark_submit.py:491} INFO - 24/03/31 17:48:15 INFO BlockManager: BlockManager stopped
[2024-03-31T17:48:15.263+0000] {spark_submit.py:491} INFO - 24/03/31 17:48:15 INFO BlockManagerMaster: BlockManagerMaster stopped
[2024-03-31T17:48:15.268+0000] {spark_submit.py:491} INFO - 24/03/31 17:48:15 INFO OutputCommitCoordinator$OutputCommitCoordinatorEndpoint: OutputCommitCoordinator stopped!
[2024-03-31T17:48:15.285+0000] {spark_submit.py:491} INFO - 24/03/31 17:48:15 INFO SparkContext: Successfully stopped SparkContext
[2024-03-31T17:48:15.286+0000] {spark_submit.py:491} INFO - 24/03/31 17:48:15 INFO ShutdownHookManager: Shutdown hook called
[2024-03-31T17:48:15.287+0000] {spark_submit.py:491} INFO - 24/03/31 17:48:15 INFO ShutdownHookManager: Deleting directory /tmp/spark-c7897c4c-c2f3-4a80-aed4-162ea1ce78dc
[2024-03-31T17:48:15.292+0000] {spark_submit.py:491} INFO - 24/03/31 17:48:15 INFO ShutdownHookManager: Deleting directory /tmp/spark-c7897c4c-c2f3-4a80-aed4-162ea1ce78dc/pyspark-66648c79-b140-4cab-8547-1921ed752a06
[2024-03-31T17:48:15.297+0000] {spark_submit.py:491} INFO - 24/03/31 17:48:15 INFO ShutdownHookManager: Deleting directory /tmp/spark-ebb64ad8-2ded-4c43-bb6a-3ac98280667b
[2024-03-31T17:48:15.402+0000] {taskinstance.py:2731} ERROR - Task failed with exception
Traceback (most recent call last):
  File "/usr/local/lib/python3.11/site-packages/airflow/models/taskinstance.py", line 444, in _execute_task
    result = _execute_callable(context=context, **execute_callable_kwargs)
             ^^^^^^^^^^^^^^^^^^^^^^^^^^^^^^^^^^^^^^^^^^^^^^^^^^^^^^^^^^^^^
  File "/usr/local/lib/python3.11/site-packages/airflow/models/taskinstance.py", line 414, in _execute_callable
    return execute_callable(context=context, **execute_callable_kwargs)
           ^^^^^^^^^^^^^^^^^^^^^^^^^^^^^^^^^^^^^^^^^^^^^^^^^^^^^^^^^^^^
  File "/usr/local/lib/python3.11/site-packages/airflow/providers/apache/spark/operators/spark_submit.py", line 156, in execute
    self._hook.submit(self._application)
  File "/usr/local/lib/python3.11/site-packages/airflow/providers/apache/spark/hooks/spark_submit.py", line 422, in submit
    raise AirflowException(
airflow.exceptions.AirflowException: Cannot execute: spark-submit --master spark://master:4503 --num-executors 1 --total-executor-cores 1 --executor-memory 2g --driver-memory 2g --name arrow-spark /usr/local/airflow/include/spark_repartition_parquet.py. Error code is: 1.
[2024-03-31T17:48:15.410+0000] {taskinstance.py:1149} INFO - Marking task as FAILED. dag_id=data_parquet_gcs, task_id=repartition_parquet, execution_date=20240331T174804, start_date=20240331T174804, end_date=20240331T174815
[2024-03-31T17:48:15.430+0000] {standard_task_runner.py:107} ERROR - Failed to execute job 82 for task repartition_parquet (Cannot execute: spark-submit --master spark://master:4503 --num-executors 1 --total-executor-cores 1 --executor-memory 2g --driver-memory 2g --name arrow-spark /usr/local/airflow/include/spark_repartition_parquet.py. Error code is: 1.; 810)
[2024-03-31T17:48:15.451+0000] {local_task_job_runner.py:234} INFO - Task exited with return code 1
[2024-03-31T17:48:15.479+0000] {taskinstance.py:3312} INFO - 0 downstream tasks scheduled from follow-on schedule check
