[2024-03-31T09:25:36.470+0000] {taskinstance.py:1979} INFO - Dependencies all met for dep_context=non-requeueable deps ti=<TaskInstance: data_parquet_gcs.upload_parquet_to_gcs manual__2024-03-31T09:25:10.449836+00:00 [queued]>
[2024-03-31T09:25:36.482+0000] {taskinstance.py:1979} INFO - Dependencies all met for dep_context=requeueable deps ti=<TaskInstance: data_parquet_gcs.upload_parquet_to_gcs manual__2024-03-31T09:25:10.449836+00:00 [queued]>
[2024-03-31T09:25:36.483+0000] {taskinstance.py:2193} INFO - Starting attempt 1 of 1
[2024-03-31T09:25:36.499+0000] {taskinstance.py:2217} INFO - Executing <Task(LocalFilesystemToGCSOperator): upload_parquet_to_gcs> on 2024-03-31 09:25:10.449836+00:00
[2024-03-31T09:25:36.509+0000] {standard_task_runner.py:60} INFO - Started process 816 to run task
[2024-03-31T09:25:36.514+0000] {standard_task_runner.py:87} INFO - Running: ['airflow', 'tasks', 'run', 'data_parquet_gcs', 'upload_parquet_to_gcs', 'manual__2024-03-31T09:25:10.449836+00:00', '--job-id', '78', '--raw', '--subdir', 'DAGS_FOLDER/dataset_prepare_gcs.py', '--cfg-path', '/tmp/tmpn12_ws0n']
[2024-03-31T09:25:36.518+0000] {standard_task_runner.py:88} INFO - Job 78: Subtask upload_parquet_to_gcs
[2024-03-31T09:25:36.579+0000] {task_command.py:423} INFO - Running <TaskInstance: data_parquet_gcs.upload_parquet_to_gcs manual__2024-03-31T09:25:10.449836+00:00 [running]> on host dfc758114148
[2024-03-31T09:25:36.678+0000] {taskinstance.py:2513} INFO - Exporting env vars: AIRFLOW_CTX_DAG_OWNER='airflow' AIRFLOW_CTX_DAG_ID='data_parquet_gcs' AIRFLOW_CTX_TASK_ID='upload_parquet_to_gcs' AIRFLOW_CTX_EXECUTION_DATE='2024-03-31T09:25:10.449836+00:00' AIRFLOW_CTX_TRY_NUMBER='1' AIRFLOW_CTX_DAG_RUN_ID='manual__2024-03-31T09:25:10.449836+00:00'
[2024-03-31T09:25:36.703+0000] {connection.py:269} WARNING - Connection schemes (type: google_cloud_platform) shall not contain '_' according to RFC3986.
[2024-03-31T09:25:36.706+0000] {base.py:83} INFO - Using connection ID 'gcp' for task execution.
[2024-03-31T09:25:37.047+0000] {gcs.py:555} INFO - File /usr/local/airflow/include/dataset/parquet/job_postings/part-00003-58b97d42-2eba-4087-bb5b-7e3a1c1fe3b4-c000.snappy.parquet uploaded to final_project/parquet/job_postings/part-00003-58b97d42-2eba-4087-bb5b-7e3a1c1fe3b4-c000.snappy.parquet in de-zoomcamp-xiangivyli bucket
[2024-03-31T09:25:37.290+0000] {gcs.py:555} INFO - File /usr/local/airflow/include/dataset/parquet/job_postings/part-00005-58b97d42-2eba-4087-bb5b-7e3a1c1fe3b4-c000.snappy.parquet uploaded to final_project/parquet/job_postings/part-00005-58b97d42-2eba-4087-bb5b-7e3a1c1fe3b4-c000.snappy.parquet in de-zoomcamp-xiangivyli bucket
[2024-03-31T09:25:37.527+0000] {gcs.py:555} INFO - File /usr/local/airflow/include/dataset/parquet/job_postings/part-00009-58b97d42-2eba-4087-bb5b-7e3a1c1fe3b4-c000.snappy.parquet uploaded to final_project/parquet/job_postings/part-00009-58b97d42-2eba-4087-bb5b-7e3a1c1fe3b4-c000.snappy.parquet in de-zoomcamp-xiangivyli bucket
[2024-03-31T09:25:37.816+0000] {gcs.py:555} INFO - File /usr/local/airflow/include/dataset/parquet/job_postings/part-00000-58b97d42-2eba-4087-bb5b-7e3a1c1fe3b4-c000.snappy.parquet uploaded to final_project/parquet/job_postings/part-00000-58b97d42-2eba-4087-bb5b-7e3a1c1fe3b4-c000.snappy.parquet in de-zoomcamp-xiangivyli bucket
[2024-03-31T09:25:38.075+0000] {gcs.py:555} INFO - File /usr/local/airflow/include/dataset/parquet/job_postings/part-00007-58b97d42-2eba-4087-bb5b-7e3a1c1fe3b4-c000.snappy.parquet uploaded to final_project/parquet/job_postings/part-00007-58b97d42-2eba-4087-bb5b-7e3a1c1fe3b4-c000.snappy.parquet in de-zoomcamp-xiangivyli bucket
[2024-03-31T09:25:38.337+0000] {gcs.py:555} INFO - File /usr/local/airflow/include/dataset/parquet/job_postings/part-00006-58b97d42-2eba-4087-bb5b-7e3a1c1fe3b4-c000.snappy.parquet uploaded to final_project/parquet/job_postings/part-00006-58b97d42-2eba-4087-bb5b-7e3a1c1fe3b4-c000.snappy.parquet in de-zoomcamp-xiangivyli bucket
[2024-03-31T09:25:38.589+0000] {gcs.py:555} INFO - File /usr/local/airflow/include/dataset/parquet/job_postings/part-00004-58b97d42-2eba-4087-bb5b-7e3a1c1fe3b4-c000.snappy.parquet uploaded to final_project/parquet/job_postings/part-00004-58b97d42-2eba-4087-bb5b-7e3a1c1fe3b4-c000.snappy.parquet in de-zoomcamp-xiangivyli bucket
[2024-03-31T09:25:38.870+0000] {gcs.py:555} INFO - File /usr/local/airflow/include/dataset/parquet/job_postings/part-00001-58b97d42-2eba-4087-bb5b-7e3a1c1fe3b4-c000.snappy.parquet uploaded to final_project/parquet/job_postings/part-00001-58b97d42-2eba-4087-bb5b-7e3a1c1fe3b4-c000.snappy.parquet in de-zoomcamp-xiangivyli bucket
[2024-03-31T09:25:39.115+0000] {gcs.py:555} INFO - File /usr/local/airflow/include/dataset/parquet/job_postings/part-00002-58b97d42-2eba-4087-bb5b-7e3a1c1fe3b4-c000.snappy.parquet uploaded to final_project/parquet/job_postings/part-00002-58b97d42-2eba-4087-bb5b-7e3a1c1fe3b4-c000.snappy.parquet in de-zoomcamp-xiangivyli bucket
[2024-03-31T09:25:39.345+0000] {gcs.py:555} INFO - File /usr/local/airflow/include/dataset/parquet/job_postings/part-00008-58b97d42-2eba-4087-bb5b-7e3a1c1fe3b4-c000.snappy.parquet uploaded to final_project/parquet/job_postings/part-00008-58b97d42-2eba-4087-bb5b-7e3a1c1fe3b4-c000.snappy.parquet in de-zoomcamp-xiangivyli bucket
[2024-03-31T09:25:39.358+0000] {taskinstance.py:1149} INFO - Marking task as SUCCESS. dag_id=data_parquet_gcs, task_id=upload_parquet_to_gcs, execution_date=20240331T092510, start_date=20240331T092536, end_date=20240331T092539
[2024-03-31T09:25:39.421+0000] {local_task_job_runner.py:234} INFO - Task exited with return code 0
[2024-03-31T09:25:39.447+0000] {taskinstance.py:3312} INFO - 0 downstream tasks scheduled from follow-on schedule check
