[2024-03-31T17:14:28.898+0000] {taskinstance.py:1979} INFO - Dependencies all met for dep_context=non-requeueable deps ti=<TaskInstance: data_parquet_gcs.upload_parquet_to_gcs manual__2024-03-31T17:14:01.104551+00:00 [queued]>
[2024-03-31T17:14:28.909+0000] {taskinstance.py:1979} INFO - Dependencies all met for dep_context=requeueable deps ti=<TaskInstance: data_parquet_gcs.upload_parquet_to_gcs manual__2024-03-31T17:14:01.104551+00:00 [queued]>
[2024-03-31T17:14:28.909+0000] {taskinstance.py:2193} INFO - Starting attempt 1 of 1
[2024-03-31T17:14:28.925+0000] {taskinstance.py:2217} INFO - Executing <Task(LocalFilesystemToGCSOperator): upload_parquet_to_gcs> on 2024-03-31 17:14:01.104551+00:00
[2024-03-31T17:14:28.934+0000] {standard_task_runner.py:60} INFO - Started process 419 to run task
[2024-03-31T17:14:28.939+0000] {standard_task_runner.py:87} INFO - Running: ['airflow', 'tasks', 'run', 'data_parquet_gcs', 'upload_parquet_to_gcs', 'manual__2024-03-31T17:14:01.104551+00:00', '--job-id', '81', '--raw', '--subdir', 'DAGS_FOLDER/dataset_prepare_gcs.py', '--cfg-path', '/tmp/tmpwm6fgmhi']
[2024-03-31T17:14:28.943+0000] {standard_task_runner.py:88} INFO - Job 81: Subtask upload_parquet_to_gcs
[2024-03-31T17:14:29.008+0000] {task_command.py:423} INFO - Running <TaskInstance: data_parquet_gcs.upload_parquet_to_gcs manual__2024-03-31T17:14:01.104551+00:00 [running]> on host d1dbed01df62
[2024-03-31T17:14:29.124+0000] {taskinstance.py:2513} INFO - Exporting env vars: AIRFLOW_CTX_DAG_OWNER='airflow' AIRFLOW_CTX_DAG_ID='data_parquet_gcs' AIRFLOW_CTX_TASK_ID='upload_parquet_to_gcs' AIRFLOW_CTX_EXECUTION_DATE='2024-03-31T17:14:01.104551+00:00' AIRFLOW_CTX_TRY_NUMBER='1' AIRFLOW_CTX_DAG_RUN_ID='manual__2024-03-31T17:14:01.104551+00:00'
[2024-03-31T17:14:29.150+0000] {connection.py:269} WARNING - Connection schemes (type: google_cloud_platform) shall not contain '_' according to RFC3986.
[2024-03-31T17:14:29.153+0000] {base.py:83} INFO - Using connection ID 'gcp' for task execution.
[2024-03-31T17:14:29.538+0000] {gcs.py:555} INFO - File /usr/local/airflow/include/dataset/parquet/job_postings/part-00000-27d59f4d-e3ea-4fa5-ae16-1a7fdb7631a7-c000.snappy.parquet uploaded to final_project/parquet/job_postings/part-00000-27d59f4d-e3ea-4fa5-ae16-1a7fdb7631a7-c000.snappy.parquet in de-zoomcamp-xiangivyli bucket
[2024-03-31T17:14:29.753+0000] {gcs.py:555} INFO - File /usr/local/airflow/include/dataset/parquet/job_postings/part-00001-27d59f4d-e3ea-4fa5-ae16-1a7fdb7631a7-c000.snappy.parquet uploaded to final_project/parquet/job_postings/part-00001-27d59f4d-e3ea-4fa5-ae16-1a7fdb7631a7-c000.snappy.parquet in de-zoomcamp-xiangivyli bucket
[2024-03-31T17:14:29.963+0000] {gcs.py:555} INFO - File /usr/local/airflow/include/dataset/parquet/job_postings/part-00003-27d59f4d-e3ea-4fa5-ae16-1a7fdb7631a7-c000.snappy.parquet uploaded to final_project/parquet/job_postings/part-00003-27d59f4d-e3ea-4fa5-ae16-1a7fdb7631a7-c000.snappy.parquet in de-zoomcamp-xiangivyli bucket
[2024-03-31T17:14:30.175+0000] {gcs.py:555} INFO - File /usr/local/airflow/include/dataset/parquet/job_postings/part-00002-27d59f4d-e3ea-4fa5-ae16-1a7fdb7631a7-c000.snappy.parquet uploaded to final_project/parquet/job_postings/part-00002-27d59f4d-e3ea-4fa5-ae16-1a7fdb7631a7-c000.snappy.parquet in de-zoomcamp-xiangivyli bucket
[2024-03-31T17:14:30.417+0000] {gcs.py:555} INFO - File /usr/local/airflow/include/dataset/parquet/job_postings/part-00009-27d59f4d-e3ea-4fa5-ae16-1a7fdb7631a7-c000.snappy.parquet uploaded to final_project/parquet/job_postings/part-00009-27d59f4d-e3ea-4fa5-ae16-1a7fdb7631a7-c000.snappy.parquet in de-zoomcamp-xiangivyli bucket
[2024-03-31T17:14:30.633+0000] {gcs.py:555} INFO - File /usr/local/airflow/include/dataset/parquet/job_postings/part-00005-27d59f4d-e3ea-4fa5-ae16-1a7fdb7631a7-c000.snappy.parquet uploaded to final_project/parquet/job_postings/part-00005-27d59f4d-e3ea-4fa5-ae16-1a7fdb7631a7-c000.snappy.parquet in de-zoomcamp-xiangivyli bucket
[2024-03-31T17:14:30.851+0000] {gcs.py:555} INFO - File /usr/local/airflow/include/dataset/parquet/job_postings/part-00004-27d59f4d-e3ea-4fa5-ae16-1a7fdb7631a7-c000.snappy.parquet uploaded to final_project/parquet/job_postings/part-00004-27d59f4d-e3ea-4fa5-ae16-1a7fdb7631a7-c000.snappy.parquet in de-zoomcamp-xiangivyli bucket
[2024-03-31T17:14:31.068+0000] {gcs.py:555} INFO - File /usr/local/airflow/include/dataset/parquet/job_postings/part-00007-27d59f4d-e3ea-4fa5-ae16-1a7fdb7631a7-c000.snappy.parquet uploaded to final_project/parquet/job_postings/part-00007-27d59f4d-e3ea-4fa5-ae16-1a7fdb7631a7-c000.snappy.parquet in de-zoomcamp-xiangivyli bucket
[2024-03-31T17:14:31.284+0000] {gcs.py:555} INFO - File /usr/local/airflow/include/dataset/parquet/job_postings/part-00008-27d59f4d-e3ea-4fa5-ae16-1a7fdb7631a7-c000.snappy.parquet uploaded to final_project/parquet/job_postings/part-00008-27d59f4d-e3ea-4fa5-ae16-1a7fdb7631a7-c000.snappy.parquet in de-zoomcamp-xiangivyli bucket
[2024-03-31T17:14:31.671+0000] {gcs.py:555} INFO - File /usr/local/airflow/include/dataset/parquet/job_postings/part-00006-27d59f4d-e3ea-4fa5-ae16-1a7fdb7631a7-c000.snappy.parquet uploaded to final_project/parquet/job_postings/part-00006-27d59f4d-e3ea-4fa5-ae16-1a7fdb7631a7-c000.snappy.parquet in de-zoomcamp-xiangivyli bucket
[2024-03-31T17:14:31.683+0000] {taskinstance.py:1149} INFO - Marking task as SUCCESS. dag_id=data_parquet_gcs, task_id=upload_parquet_to_gcs, execution_date=20240331T171401, start_date=20240331T171428, end_date=20240331T171431
[2024-03-31T17:14:31.724+0000] {local_task_job_runner.py:234} INFO - Task exited with return code 0
[2024-03-31T17:14:31.749+0000] {taskinstance.py:3312} INFO - 0 downstream tasks scheduled from follow-on schedule check
