[2024-03-31T08:21:38.999+0000] {manager.py:469} INFO - Processing files using up to 2 processes at a time 
[2024-03-31T08:21:39.001+0000] {manager.py:470} INFO - Process each file at most once every 30 seconds
[2024-03-31T08:21:39.001+0000] {manager.py:471} INFO - Checking for new files in /usr/local/airflow/dags every 300 seconds
[2024-03-31T08:21:39.002+0000] {manager.py:738} INFO - Searching for files in /usr/local/airflow/dags
[2024-03-31T08:21:39.008+0000] {manager.py:741} INFO - There are 2 files in /usr/local/airflow/dags
[2024-03-31T08:21:39.435+0000] {manager.py:879} INFO - 
================================================================================
DAG File Processing Stats

File Path                                         PID  Runtime      # DAGs    # Errors  Last Runtime    Last Run
----------------------------------------------  -----  ---------  --------  ----------  --------------  ----------
/usr/local/airflow/dags/dataset_prepare_gcs.py    162  0.07s             0           0
/usr/local/airflow/dags/test_spark.py             165  0.06s             0           0
================================================================================
[2024-03-31T08:22:09.722+0000] {manager.py:879} INFO - 
================================================================================
DAG File Processing Stats

File Path                                         PID  Runtime      # DAGs    # Errors  Last Runtime    Last Run
----------------------------------------------  -----  ---------  --------  ----------  --------------  -------------------
/usr/local/airflow/dags/dataset_prepare_gcs.py    172  0.02s             1           0  0.21s           2024-03-31T08:21:39
/usr/local/airflow/dags/test_spark.py             175  0.01s             1           0  0.21s           2024-03-31T08:21:39
================================================================================
[2024-03-31T08:22:40.043+0000] {manager.py:879} INFO - 
================================================================================
DAG File Processing Stats

File Path                                         PID  Runtime      # DAGs    # Errors  Last Runtime    Last Run
----------------------------------------------  -----  ---------  --------  ----------  --------------  -------------------
/usr/local/airflow/dags/test_spark.py             185  0.01s             1           0  0.18s           2024-03-31T08:22:09
/usr/local/airflow/dags/dataset_prepare_gcs.py    182  0.02s             1           0  0.18s           2024-03-31T08:22:09
================================================================================
[2024-03-31T08:23:10.321+0000] {manager.py:879} INFO - 
================================================================================
DAG File Processing Stats

File Path                                         PID  Runtime      # DAGs    # Errors  Last Runtime    Last Run
----------------------------------------------  -----  ---------  --------  ----------  --------------  -------------------
/usr/local/airflow/dags/dataset_prepare_gcs.py    192  0.03s             1           0  0.14s           2024-03-31T08:22:40
/usr/local/airflow/dags/test_spark.py             195  0.01s             1           0  0.13s           2024-03-31T08:22:40
================================================================================
[2024-03-31T08:23:40.606+0000] {manager.py:879} INFO - 
================================================================================
DAG File Processing Stats

File Path                                         PID  Runtime      # DAGs    # Errors  Last Runtime    Last Run
----------------------------------------------  -----  ---------  --------  ----------  --------------  -------------------
/usr/local/airflow/dags/dataset_prepare_gcs.py    202  0.02s             1           0  0.15s           2024-03-31T08:23:10
/usr/local/airflow/dags/test_spark.py             205  0.01s             1           0  0.14s           2024-03-31T08:23:10
================================================================================
[2024-03-31T08:24:10.775+0000] {manager.py:879} INFO - 
================================================================================
DAG File Processing Stats

File Path                                         PID  Runtime      # DAGs    # Errors  Last Runtime    Last Run
----------------------------------------------  -----  ---------  --------  ----------  --------------  -------------------
/usr/local/airflow/dags/dataset_prepare_gcs.py    212  0.02s             1           0  0.15s           2024-03-31T08:23:40
/usr/local/airflow/dags/test_spark.py             215  0.01s             1           0  0.14s           2024-03-31T08:23:40
================================================================================
[2024-03-31T08:24:41.011+0000] {manager.py:879} INFO - 
================================================================================
DAG File Processing Stats

File Path                                         PID  Runtime      # DAGs    # Errors  Last Runtime    Last Run
----------------------------------------------  -----  ---------  --------  ----------  --------------  -------------------
/usr/local/airflow/dags/dataset_prepare_gcs.py    222  0.02s             1           0  0.14s           2024-03-31T08:24:10
/usr/local/airflow/dags/test_spark.py             225  0.01s             1           0  0.13s           2024-03-31T08:24:10
================================================================================
[2024-03-31T08:25:11.285+0000] {manager.py:879} INFO - 
================================================================================
DAG File Processing Stats

File Path                                         PID  Runtime      # DAGs    # Errors  Last Runtime    Last Run
----------------------------------------------  -----  ---------  --------  ----------  --------------  -------------------
/usr/local/airflow/dags/dataset_prepare_gcs.py    232  0.02s             1           0  0.13s           2024-03-31T08:24:41
/usr/local/airflow/dags/test_spark.py             235  0.01s             1           0  0.13s           2024-03-31T08:24:41
================================================================================
[2024-03-31T08:25:41.463+0000] {manager.py:879} INFO - 
================================================================================
DAG File Processing Stats

File Path                                         PID  Runtime      # DAGs    # Errors  Last Runtime    Last Run
----------------------------------------------  -----  ---------  --------  ----------  --------------  -------------------
/usr/local/airflow/dags/dataset_prepare_gcs.py    242  0.02s             1           0  0.15s           2024-03-31T08:25:11
/usr/local/airflow/dags/test_spark.py             245  0.01s             1           0  0.13s           2024-03-31T08:25:11
================================================================================
[2024-03-31T08:26:11.691+0000] {manager.py:879} INFO - 
================================================================================
DAG File Processing Stats

File Path                                         PID  Runtime      # DAGs    # Errors  Last Runtime    Last Run
----------------------------------------------  -----  ---------  --------  ----------  --------------  -------------------
/usr/local/airflow/dags/dataset_prepare_gcs.py    252  0.03s             1           0  0.14s           2024-03-31T08:25:41
/usr/local/airflow/dags/test_spark.py             255  0.01s             1           0  0.13s           2024-03-31T08:25:41
================================================================================
[2024-03-31T08:26:39.827+0000] {manager.py:738} INFO - Searching for files in /usr/local/airflow/dags
[2024-03-31T08:26:39.831+0000] {manager.py:741} INFO - There are 2 files in /usr/local/airflow/dags
[2024-03-31T08:26:41.878+0000] {manager.py:879} INFO - 
================================================================================
DAG File Processing Stats

File Path                                         PID  Runtime      # DAGs    # Errors  Last Runtime    Last Run
----------------------------------------------  -----  ---------  --------  ----------  --------------  -------------------
/usr/local/airflow/dags/dataset_prepare_gcs.py    262  0.02s             1           0  0.16s           2024-03-31T08:26:11
/usr/local/airflow/dags/test_spark.py             265  0.01s             1           0  0.14s           2024-03-31T08:26:11
================================================================================
[2024-03-31T08:27:12.150+0000] {manager.py:879} INFO - 
================================================================================
DAG File Processing Stats

File Path                                         PID  Runtime      # DAGs    # Errors  Last Runtime    Last Run
----------------------------------------------  -----  ---------  --------  ----------  --------------  -------------------
/usr/local/airflow/dags/dataset_prepare_gcs.py    272  0.03s             1           0  0.13s           2024-03-31T08:26:41
/usr/local/airflow/dags/test_spark.py             275  0.01s             1           0  0.13s           2024-03-31T08:26:41
================================================================================
[2024-03-31T08:27:42.321+0000] {manager.py:879} INFO - 
================================================================================
DAG File Processing Stats

File Path                                         PID  Runtime      # DAGs    # Errors  Last Runtime    Last Run
----------------------------------------------  -----  ---------  --------  ----------  --------------  -------------------
/usr/local/airflow/dags/dataset_prepare_gcs.py    282  0.02s             1           0  0.16s           2024-03-31T08:27:12
/usr/local/airflow/dags/test_spark.py             285  0.01s             1           0  0.14s           2024-03-31T08:27:12
================================================================================
[2024-03-31T08:28:12.556+0000] {manager.py:879} INFO - 
================================================================================
DAG File Processing Stats

File Path                                         PID  Runtime      # DAGs    # Errors  Last Runtime    Last Run
----------------------------------------------  -----  ---------  --------  ----------  --------------  -------------------
/usr/local/airflow/dags/dataset_prepare_gcs.py    292  0.02s             1           0  0.15s           2024-03-31T08:27:42
/usr/local/airflow/dags/test_spark.py             295  0.01s             1           0  0.14s           2024-03-31T08:27:42
================================================================================
[2024-03-31T08:28:42.827+0000] {manager.py:879} INFO - 
================================================================================
DAG File Processing Stats

File Path                                         PID  Runtime      # DAGs    # Errors  Last Runtime    Last Run
----------------------------------------------  -----  ---------  --------  ----------  --------------  -------------------
/usr/local/airflow/dags/dataset_prepare_gcs.py    310  0.02s             1           0  0.13s           2024-03-31T08:28:12
/usr/local/airflow/dags/test_spark.py             313  0.01s             1           0  0.13s           2024-03-31T08:28:12
================================================================================
[2024-03-31T08:29:13.107+0000] {manager.py:879} INFO - 
================================================================================
DAG File Processing Stats

File Path                                         PID  Runtime      # DAGs    # Errors  Last Runtime    Last Run
----------------------------------------------  -----  ---------  --------  ----------  --------------  -------------------
/usr/local/airflow/dags/test_spark.py                                    1           0  0.17s           2024-03-31T08:29:05
/usr/local/airflow/dags/dataset_prepare_gcs.py    335  0.01s             1           0  0.13s           2024-03-31T08:28:42
================================================================================
[2024-03-31T08:29:43.406+0000] {manager.py:879} INFO - 
================================================================================
DAG File Processing Stats

File Path                                         PID  Runtime      # DAGs    # Errors  Last Runtime    Last Run
----------------------------------------------  -----  ---------  --------  ----------  --------------  -------------------
/usr/local/airflow/dags/dataset_prepare_gcs.py    345  0.01s             1           0  0.15s           2024-03-31T08:29:13
/usr/local/airflow/dags/test_spark.py                                    1           0  0.13s           2024-03-31T08:29:35
================================================================================
[2024-03-31T08:30:13.671+0000] {manager.py:879} INFO - 
================================================================================
DAG File Processing Stats

File Path                                         PID  Runtime      # DAGs    # Errors  Last Runtime    Last Run
----------------------------------------------  -----  ---------  --------  ----------  --------------  -------------------
/usr/local/airflow/dags/dataset_prepare_gcs.py    355  0.01s             1           0  0.13s           2024-03-31T08:29:43
/usr/local/airflow/dags/test_spark.py                                    1           0  0.12s           2024-03-31T08:30:05
================================================================================
[2024-03-31T08:30:31.410+0000] {manager.py:451} INFO - Exiting gracefully upon receiving signal 15
[2024-03-31T08:32:39.998+0000] {manager.py:469} INFO - Processing files using up to 2 processes at a time 
[2024-03-31T08:32:40.000+0000] {manager.py:470} INFO - Process each file at most once every 30 seconds
[2024-03-31T08:32:40.001+0000] {manager.py:471} INFO - Checking for new files in /usr/local/airflow/dags every 300 seconds
[2024-03-31T08:32:40.001+0000] {manager.py:738} INFO - Searching for files in /usr/local/airflow/dags
[2024-03-31T08:32:40.006+0000] {manager.py:741} INFO - There are 2 files in /usr/local/airflow/dags
[2024-03-31T08:32:40.656+0000] {manager.py:879} INFO - 
================================================================================
DAG File Processing Stats

File Path                                         PID  Runtime      # DAGs    # Errors  Last Runtime    Last Run
----------------------------------------------  -----  ---------  --------  ----------  --------------  -------------------
/usr/local/airflow/dags/test_spark.py                                    1           0  0.50s           2024-03-31T08:32:40
/usr/local/airflow/dags/dataset_prepare_gcs.py    167  0.05s             0           0
================================================================================
[2024-03-31T08:33:10.820+0000] {manager.py:879} INFO - 
================================================================================
DAG File Processing Stats

File Path                                         PID  Runtime      # DAGs    # Errors  Last Runtime    Last Run
----------------------------------------------  -----  ---------  --------  ----------  --------------  -------------------
/usr/local/airflow/dags/test_spark.py             172  0.02s             1           0  0.50s           2024-03-31T08:32:40
/usr/local/airflow/dags/dataset_prepare_gcs.py    175  0.01s             1           0  0.15s           2024-03-31T08:32:40
================================================================================
[2024-03-31T08:33:41.170+0000] {manager.py:879} INFO - 
================================================================================
DAG File Processing Stats

File Path                                         PID  Runtime      # DAGs    # Errors  Last Runtime    Last Run
----------------------------------------------  -----  ---------  --------  ----------  --------------  -------------------
/usr/local/airflow/dags/test_spark.py             189  0.02s             1           0  0.21s           2024-03-31T08:33:11
/usr/local/airflow/dags/dataset_prepare_gcs.py    192  0.01s             1           0  0.21s           2024-03-31T08:33:11
================================================================================
[2024-03-31T08:34:11.449+0000] {manager.py:879} INFO - 
================================================================================
DAG File Processing Stats

File Path                                         PID  Runtime      # DAGs    # Errors  Last Runtime    Last Run
----------------------------------------------  -----  ---------  --------  ----------  --------------  -------------------
/usr/local/airflow/dags/test_spark.py             243  0.02s             1           0  0.14s           2024-03-31T08:33:41
/usr/local/airflow/dags/dataset_prepare_gcs.py    246  0.01s             1           0  0.13s           2024-03-31T08:33:41
================================================================================
[2024-03-31T08:34:41.800+0000] {manager.py:879} INFO - 
================================================================================
DAG File Processing Stats

File Path                                         PID  Runtime      # DAGs    # Errors  Last Runtime    Last Run
----------------------------------------------  -----  ---------  --------  ----------  --------------  -------------------
/usr/local/airflow/dags/test_spark.py             484  0.05s             1           0  0.13s           2024-03-31T08:34:11
/usr/local/airflow/dags/dataset_prepare_gcs.py    488  0.02s             1           0  0.13s           2024-03-31T08:34:11
================================================================================
[2024-03-31T08:35:12.245+0000] {manager.py:879} INFO - 
================================================================================
DAG File Processing Stats

File Path                                         PID  Runtime      # DAGs    # Errors  Last Runtime    Last Run
----------------------------------------------  -----  ---------  --------  ----------  --------------  -------------------
/usr/local/airflow/dags/test_spark.py             731  0.02s             1           0  0.48s           2024-03-31T08:34:42
/usr/local/airflow/dags/dataset_prepare_gcs.py    734  0.01s             1           0  0.31s           2024-03-31T08:34:42
================================================================================
[2024-03-31T08:35:42.534+0000] {manager.py:879} INFO - 
================================================================================
DAG File Processing Stats

File Path                                         PID  Runtime      # DAGs    # Errors  Last Runtime    Last Run
----------------------------------------------  -----  ---------  --------  ----------  --------------  -------------------
/usr/local/airflow/dags/test_spark.py             741  0.02s             1           0  0.15s           2024-03-31T08:35:12
/usr/local/airflow/dags/dataset_prepare_gcs.py    744  0.01s             1           0  0.15s           2024-03-31T08:35:12
================================================================================
[2024-03-31T08:36:12.820+0000] {manager.py:879} INFO - 
================================================================================
DAG File Processing Stats

File Path                                         PID  Runtime      # DAGs    # Errors  Last Runtime    Last Run
----------------------------------------------  -----  ---------  --------  ----------  --------------  -------------------
/usr/local/airflow/dags/dataset_prepare_gcs.py    754  0.01s             1           0  0.15s           2024-03-31T08:35:42
/usr/local/airflow/dags/test_spark.py             751  0.02s             1           0  0.14s           2024-03-31T08:35:42
================================================================================
[2024-03-31T08:36:43.093+0000] {manager.py:879} INFO - 
================================================================================
DAG File Processing Stats

File Path                                         PID  Runtime      # DAGs    # Errors  Last Runtime    Last Run
----------------------------------------------  -----  ---------  --------  ----------  --------------  -------------------
/usr/local/airflow/dags/test_spark.py             761  0.02s             1           0  0.14s           2024-03-31T08:36:12
/usr/local/airflow/dags/dataset_prepare_gcs.py    764  0.01s             1           0  0.13s           2024-03-31T08:36:12
================================================================================
[2024-03-31T08:37:13.394+0000] {manager.py:879} INFO - 
================================================================================
DAG File Processing Stats

File Path                                         PID  Runtime      # DAGs    # Errors  Last Runtime    Last Run
----------------------------------------------  -----  ---------  --------  ----------  --------------  -------------------
/usr/local/airflow/dags/dataset_prepare_gcs.py    772  0.02s             1           0  0.13s           2024-03-31T08:36:43
/usr/local/airflow/dags/test_spark.py             771  0.04s             1           0  0.13s           2024-03-31T08:36:43
================================================================================
[2024-03-31T08:37:40.689+0000] {manager.py:738} INFO - Searching for files in /usr/local/airflow/dags
[2024-03-31T08:37:40.693+0000] {manager.py:741} INFO - There are 2 files in /usr/local/airflow/dags
[2024-03-31T08:37:43.732+0000] {manager.py:879} INFO - 
================================================================================
DAG File Processing Stats

File Path                                         PID  Runtime      # DAGs    # Errors  Last Runtime    Last Run
----------------------------------------------  -----  ---------  --------  ----------  --------------  -------------------
/usr/local/airflow/dags/test_spark.py             786  0.01s             1           0  0.21s           2024-03-31T08:37:13
/usr/local/airflow/dags/dataset_prepare_gcs.py                           1           0  0.17s           2024-03-31T08:37:18
================================================================================
[2024-03-31T08:37:50.892+0000] {manager.py:1129} WARNING - Skipping processing of missing file: /usr/local/airflow/dags/test_spark.py
[2024-03-31T08:38:14.014+0000] {manager.py:879} INFO - 
================================================================================
DAG File Processing Stats

File Path                                       PID    Runtime      # DAGs    # Errors  Last Runtime    Last Run
----------------------------------------------  -----  ---------  --------  ----------  --------------  -------------------
/usr/local/airflow/dags/dataset_prepare_gcs.py                           1           0  0.13s           2024-03-31T08:37:48
================================================================================
[2024-03-31T08:38:44.233+0000] {manager.py:879} INFO - 
================================================================================
DAG File Processing Stats

File Path                                       PID    Runtime      # DAGs    # Errors  Last Runtime    Last Run
----------------------------------------------  -----  ---------  --------  ----------  --------------  -------------------
/usr/local/airflow/dags/dataset_prepare_gcs.py                           1           0  0.13s           2024-03-31T08:38:19
================================================================================
[2024-03-31T08:39:14.397+0000] {manager.py:879} INFO - 
================================================================================
DAG File Processing Stats

File Path                                       PID    Runtime      # DAGs    # Errors  Last Runtime    Last Run
----------------------------------------------  -----  ---------  --------  ----------  --------------  -------------------
/usr/local/airflow/dags/dataset_prepare_gcs.py                           1           0  0.13s           2024-03-31T08:38:49
================================================================================
[2024-03-31T08:39:44.697+0000] {manager.py:879} INFO - 
================================================================================
DAG File Processing Stats

File Path                                       PID    Runtime      # DAGs    # Errors  Last Runtime    Last Run
----------------------------------------------  -----  ---------  --------  ----------  --------------  -------------------
/usr/local/airflow/dags/dataset_prepare_gcs.py                           1           0  0.18s           2024-03-31T08:39:27
================================================================================
[2024-03-31T08:40:14.904+0000] {manager.py:879} INFO - 
================================================================================
DAG File Processing Stats

File Path                                       PID    Runtime      # DAGs    # Errors  Last Runtime    Last Run
----------------------------------------------  -----  ---------  --------  ----------  --------------  -------------------
/usr/local/airflow/dags/dataset_prepare_gcs.py                           1           0  0.13s           2024-03-31T08:39:57
================================================================================
[2024-03-31T08:40:45.080+0000] {manager.py:879} INFO - 
================================================================================
DAG File Processing Stats

File Path                                       PID    Runtime      # DAGs    # Errors  Last Runtime    Last Run
----------------------------------------------  -----  ---------  --------  ----------  --------------  -------------------
/usr/local/airflow/dags/dataset_prepare_gcs.py                           1           0  0.13s           2024-03-31T08:40:28
================================================================================
[2024-03-31T08:41:15.295+0000] {manager.py:879} INFO - 
================================================================================
DAG File Processing Stats

File Path                                       PID    Runtime      # DAGs    # Errors  Last Runtime    Last Run
----------------------------------------------  -----  ---------  --------  ----------  --------------  -------------------
/usr/local/airflow/dags/dataset_prepare_gcs.py                           1           0  0.18s           2024-03-31T08:40:53
================================================================================
[2024-03-31T08:41:45.873+0000] {manager.py:879} INFO - 
================================================================================
DAG File Processing Stats

File Path                                       PID    Runtime      # DAGs    # Errors  Last Runtime    Last Run
----------------------------------------------  -----  ---------  --------  ----------  --------------  -------------------
/usr/local/airflow/dags/dataset_prepare_gcs.py                           1           0  0.44s           2024-03-31T08:41:24
================================================================================
[2024-03-31T08:42:16.234+0000] {manager.py:879} INFO - 
================================================================================
DAG File Processing Stats

File Path                                       PID    Runtime      # DAGs    # Errors  Last Runtime    Last Run
----------------------------------------------  -----  ---------  --------  ----------  --------------  -------------------
/usr/local/airflow/dags/dataset_prepare_gcs.py                           1           0  0.50s           2024-03-31T08:41:47
================================================================================
[2024-03-31T08:42:40.718+0000] {manager.py:738} INFO - Searching for files in /usr/local/airflow/dags
[2024-03-31T08:42:40.721+0000] {manager.py:741} INFO - There are 1 files in /usr/local/airflow/dags
[2024-03-31T08:42:46.641+0000] {manager.py:879} INFO - 
================================================================================
DAG File Processing Stats

File Path                                       PID    Runtime      # DAGs    # Errors  Last Runtime    Last Run
----------------------------------------------  -----  ---------  --------  ----------  --------------  -------------------
/usr/local/airflow/dags/dataset_prepare_gcs.py                           1           0  0.13s           2024-03-31T08:42:17
================================================================================
[2024-03-31T08:43:16.904+0000] {manager.py:879} INFO - 
================================================================================
DAG File Processing Stats

File Path                                       PID    Runtime      # DAGs    # Errors  Last Runtime    Last Run
----------------------------------------------  -----  ---------  --------  ----------  --------------  -------------------
/usr/local/airflow/dags/dataset_prepare_gcs.py                           1           0  0.25s           2024-03-31T08:42:47
================================================================================
[2024-03-31T08:43:47.177+0000] {manager.py:879} INFO - 
================================================================================
DAG File Processing Stats

File Path                                       PID    Runtime      # DAGs    # Errors  Last Runtime    Last Run
----------------------------------------------  -----  ---------  --------  ----------  --------------  -------------------
/usr/local/airflow/dags/dataset_prepare_gcs.py                           1           0  0.15s           2024-03-31T08:43:18
================================================================================
[2024-03-31T08:44:17.351+0000] {manager.py:879} INFO - 
================================================================================
DAG File Processing Stats

File Path                                       PID    Runtime      # DAGs    # Errors  Last Runtime    Last Run
----------------------------------------------  -----  ---------  --------  ----------  --------------  -------------------
/usr/local/airflow/dags/dataset_prepare_gcs.py                           1           0  0.13s           2024-03-31T08:43:48
================================================================================
[2024-03-31T08:44:47.600+0000] {manager.py:879} INFO - 
================================================================================
DAG File Processing Stats

File Path                                       PID    Runtime      # DAGs    # Errors  Last Runtime    Last Run
----------------------------------------------  -----  ---------  --------  ----------  --------------  -------------------
/usr/local/airflow/dags/dataset_prepare_gcs.py                           1           0  0.14s           2024-03-31T08:44:18
================================================================================
[2024-03-31T08:45:17.757+0000] {manager.py:879} INFO - 
================================================================================
DAG File Processing Stats

File Path                                       PID    Runtime      # DAGs    # Errors  Last Runtime    Last Run
----------------------------------------------  -----  ---------  --------  ----------  --------------  -------------------
/usr/local/airflow/dags/dataset_prepare_gcs.py                           1           0  0.13s           2024-03-31T08:44:48
================================================================================
[2024-03-31T08:45:47.977+0000] {manager.py:879} INFO - 
================================================================================
DAG File Processing Stats

File Path                                       PID    Runtime      # DAGs    # Errors  Last Runtime    Last Run
----------------------------------------------  -----  ---------  --------  ----------  --------------  -------------------
/usr/local/airflow/dags/dataset_prepare_gcs.py                           1           0  0.14s           2024-03-31T08:45:18
================================================================================
[2024-03-31T08:46:18.148+0000] {manager.py:879} INFO - 
================================================================================
DAG File Processing Stats

File Path                                       PID    Runtime      # DAGs    # Errors  Last Runtime    Last Run
----------------------------------------------  -----  ---------  --------  ----------  --------------  -------------------
/usr/local/airflow/dags/dataset_prepare_gcs.py                           1           0  0.14s           2024-03-31T08:45:49
================================================================================
[2024-03-31T08:46:48.374+0000] {manager.py:879} INFO - 
================================================================================
DAG File Processing Stats

File Path                                       PID    Runtime      # DAGs    # Errors  Last Runtime    Last Run
----------------------------------------------  -----  ---------  --------  ----------  --------------  -------------------
/usr/local/airflow/dags/dataset_prepare_gcs.py                           1           0  0.13s           2024-03-31T08:46:19
================================================================================
[2024-03-31T08:47:18.531+0000] {manager.py:879} INFO - 
================================================================================
DAG File Processing Stats

File Path                                       PID    Runtime      # DAGs    # Errors  Last Runtime    Last Run
----------------------------------------------  -----  ---------  --------  ----------  --------------  -------------------
/usr/local/airflow/dags/dataset_prepare_gcs.py                           1           0  0.13s           2024-03-31T08:46:49
================================================================================
[2024-03-31T08:47:40.747+0000] {manager.py:738} INFO - Searching for files in /usr/local/airflow/dags
[2024-03-31T08:47:40.749+0000] {manager.py:741} INFO - There are 1 files in /usr/local/airflow/dags
[2024-03-31T08:47:48.754+0000] {manager.py:879} INFO - 
================================================================================
DAG File Processing Stats

File Path                                       PID    Runtime      # DAGs    # Errors  Last Runtime    Last Run
----------------------------------------------  -----  ---------  --------  ----------  --------------  -------------------
/usr/local/airflow/dags/dataset_prepare_gcs.py                           1           0  0.13s           2024-03-31T08:47:19
================================================================================
[2024-03-31T08:48:18.927+0000] {manager.py:879} INFO - 
================================================================================
DAG File Processing Stats

File Path                                       PID    Runtime      # DAGs    # Errors  Last Runtime    Last Run
----------------------------------------------  -----  ---------  --------  ----------  --------------  -------------------
/usr/local/airflow/dags/dataset_prepare_gcs.py                           1           0  0.13s           2024-03-31T08:47:49
================================================================================
[2024-03-31T08:48:49.137+0000] {manager.py:879} INFO - 
================================================================================
DAG File Processing Stats

File Path                                       PID    Runtime      # DAGs    # Errors  Last Runtime    Last Run
----------------------------------------------  -----  ---------  --------  ----------  --------------  -------------------
/usr/local/airflow/dags/dataset_prepare_gcs.py                           1           0  0.13s           2024-03-31T08:48:20
================================================================================
[2024-03-31T08:49:19.306+0000] {manager.py:879} INFO - 
================================================================================
DAG File Processing Stats

File Path                                       PID    Runtime      # DAGs    # Errors  Last Runtime    Last Run
----------------------------------------------  -----  ---------  --------  ----------  --------------  -------------------
/usr/local/airflow/dags/dataset_prepare_gcs.py                           1           0  0.12s           2024-03-31T08:48:50
================================================================================
[2024-03-31T08:49:49.509+0000] {manager.py:879} INFO - 
================================================================================
DAG File Processing Stats

File Path                                       PID    Runtime      # DAGs    # Errors  Last Runtime    Last Run
----------------------------------------------  -----  ---------  --------  ----------  --------------  -------------------
/usr/local/airflow/dags/dataset_prepare_gcs.py                           1           0  0.13s           2024-03-31T08:49:20
================================================================================
[2024-03-31T08:50:19.688+0000] {manager.py:879} INFO - 
================================================================================
DAG File Processing Stats

File Path                                       PID    Runtime      # DAGs    # Errors  Last Runtime    Last Run
----------------------------------------------  -----  ---------  --------  ----------  --------------  -------------------
/usr/local/airflow/dags/dataset_prepare_gcs.py                           1           0  0.14s           2024-03-31T08:49:50
================================================================================
[2024-03-31T08:50:49.900+0000] {manager.py:879} INFO - 
================================================================================
DAG File Processing Stats

File Path                                       PID    Runtime      # DAGs    # Errors  Last Runtime    Last Run
----------------------------------------------  -----  ---------  --------  ----------  --------------  -------------------
/usr/local/airflow/dags/dataset_prepare_gcs.py                           1           0  0.13s           2024-03-31T08:50:20
================================================================================
[2024-03-31T08:51:20.179+0000] {manager.py:879} INFO - 
================================================================================
DAG File Processing Stats

File Path                                       PID    Runtime      # DAGs    # Errors  Last Runtime    Last Run
----------------------------------------------  -----  ---------  --------  ----------  --------------  -------------------
/usr/local/airflow/dags/dataset_prepare_gcs.py                           1           0  0.19s           2024-03-31T08:51:00
================================================================================
